>> Centroides de los clusters

  6.290 23.100 59.140 33.770 82.440  2.800 70.860 80.130 36.280 35.840 84.480 30.830 53.900 89.390 85.600 71.220 46.630  5.160 52.480 11.410  6.290 23.100 59.140 33.770 82.440  2.800 70.860 80.130 36.280 35.840 84.480 30.830 53.900 89.390 85.600 71.220 46.630  5.160 52.480 11.410
  0.740 11.430 95.810 60.870 30.920 63.320 81.420  7.540 44.850 86.040 22.080 19.580 76.780  3.670 61.940 69.950 83.890  0.860 82.980 33.960  0.740 11.430 95.810 60.870 30.920 63.320 81.420  7.540 44.850 86.040 22.080 19.580 76.780  3.670 61.940 69.950 83.890  0.860 82.980 33.960
 78.570 36.160 81.890 12.220 98.300  0.450 29.920 72.670 26.380 10.710 66.830 42.010 20.780 18.880 35.520 15.020 52.910 50.550 58.590 35.650 78.570 36.160 81.890 12.220 98.300  0.450 29.920 72.670 26.380 10.710 66.830 42.010 20.780 18.880 35.520 15.020 52.910 50.550 58.590 35.650
 37.300 60.240 31.780 17.660 79.320 48.070 13.860 15.650 25.830 86.810 75.750 59.750 34.650 92.130 73.360 46.620 89.750 12.630  6.580 32.320 37.300 60.240 31.780 17.660 79.320 48.070 13.860 15.650 25.830 86.810 75.750 59.750 34.650 92.130 73.360 46.620 89.750 12.630  6.580 32.320
 36.180 81.720  1.690 73.000 48.300 11.410 15.590 28.060 68.350 76.960 76.380  9.660 12.380 81.290 89.020 79.740 84.320  9.580  1.530 97.010 36.180 81.720  1.690 73.000 48.300 11.410 15.590 28.060 68.350 76.960 76.380  9.660 12.380 81.290 89.020 79.740 84.320  9.580  1.530 97.010
 61.810 18.630 58.630 18.940 69.050 92.780  3.200 77.710 27.520 56.570 59.430 84.340 71.080 96.150 24.680 72.250 29.930 55.960 83.610 12.710 61.810 18.630 58.630 18.940 69.050 92.780  3.200 77.710 27.520 56.570 59.430 84.340 71.080 96.150 24.680 72.250 29.930 55.960 83.610 12.710
  8.090 69.990 43.180 83.560 91.240 80.080 99.720 82.650 30.600 36.520 33.640 21.900 58.200 35.440 85.170 74.550  9.340 60.770 59.950 32.190  8.090 69.990 43.180 83.560 91.240 80.080 99.720 82.650 30.600 36.520 33.640 21.900 58.200 35.440 85.170 74.550  9.340 60.770 59.950 32.190
 90.880 95.770 10.790 27.920 23.840  3.100 61.400 71.120 33.060  9.450 38.880 21.790 13.190 61.300 99.760 22.570  8.370 72.550 71.580  1.760 90.880 95.770 10.790 27.920 23.840  3.100 61.400 71.120 33.060  9.450 38.880 21.790 13.190 61.300 99.760 22.570  8.370 72.550 71.580  1.760
 87.890 20.920 66.320 94.270 53.980 54.140 82.260  1.280  8.690 96.780 89.290 88.080 29.500  6.050 65.980 64.390 79.110 90.800 81.760 65.070 87.890 20.920 66.320 94.270 53.980 54.140 82.260  1.280  8.690 96.780 89.290 88.080 29.500  6.050 65.980 64.390 79.110 90.800 81.760 65.070
 95.980  1.970 46.380 82.410 28.440 75.380 28.590 30.440  2.890 62.180 55.250 94.180 21.090 98.650 40.580 51.490 12.410 44.460 44.050 90.570 95.980  1.970 46.380 82.410 28.440 75.380 28.590 30.440  2.890 62.180 55.250 94.180 21.090 98.650 40.580 51.490 12.410 44.460 44.050 90.570
 25.210 67.240 74.310 76.320 48.490 36.310 15.640 13.260 76.380 25.390 79.430 35.930 28.670 76.410 71.450 80.820 30.770  7.780 83.440 45.810 25.210 67.240 74.310 76.320 48.490 36.310 15.640 13.260 76.380 25.390 79.430 35.930 28.670 76.410 71.450 80.820 30.770  7.780 83.440 45.810
 41.350 37.770 72.690 52.490 74.610 45.960 40.720 69.570 59.690 75.490 10.150 82.100 57.050 77.080 12.830  1.680 37.720 11.500  6.090 35.180 41.350 37.770 72.690 52.490 74.610 45.960 40.720 69.570 59.690 75.490 10.150 82.100 57.050 77.080 12.830  1.680 37.720 11.500  6.090 35.180
 44.970 44.770 96.890 30.360 82.700 17.370 89.100 66.420 20.790 44.270 30.680 27.860 66.650 29.770 39.350  3.360  1.410 77.570  6.470 31.240 44.970 44.770 96.890 30.360 82.700 17.370 89.100 66.420 20.790 44.270 30.680 27.860 66.650 29.770 39.350  3.360  1.410 77.570  6.470 31.240
 73.050 46.380 79.120 26.960 70.990 22.570 28.810 11.630  2.220 92.360 86.660 92.420 95.210 33.990 15.610 82.320 14.980 30.830 97.360 75.230 73.050 46.380 79.120 26.960 70.990 22.570 28.810 11.630  2.220 92.360 86.660 92.420 95.210 33.990 15.610 82.320 14.980 30.830 97.360 75.230
 83.560 39.170 53.220 59.910  4.430 43.670 50.160 70.290 76.300 69.310 54.360  0.820 84.760 10.620 17.110 61.710 69.270 31.630  8.410 78.200 83.560 39.170 53.220 59.910  4.430 43.670 50.160 70.290 76.300 69.310 54.360  0.820 84.760 10.620 17.110 61.710 69.270 31.630  8.410 78.200
 57.970  7.580 32.040 46.310 46.240 79.790 90.390 41.330 13.580 10.070  3.210 57.320 14.720 30.300 21.100 94.610 48.920 76.360 91.290  7.360 57.970  7.580 32.040 46.310 46.240 79.790 90.390 41.330 13.580 10.070  3.210 57.320 14.720 30.300 21.100 94.610 48.920 76.360 91.290  7.360
 44.000 79.320 66.750 91.150 75.470 71.950  9.360 73.170 93.850 26.750 79.970 93.930 70.400 66.330 39.830 85.210 68.110 70.030 55.670 52.700 44.000 79.320 66.750 91.150 75.470 71.950  9.360 73.170 93.850 26.750 79.970 93.930 70.400 66.330 39.830 85.210 68.110 70.030 55.670 52.700
 81.540 52.570 98.600 80.330 17.940 87.000 56.510  8.360 87.360 96.300 64.390 29.990 49.980 53.370 92.230 72.120  0.730 76.450  0.500 20.330 81.540 52.570 98.600 80.330 17.940 87.000 56.510  8.360 87.360 96.300 64.390 29.990 49.980 53.370 92.230 72.120  0.730 76.450  0.500 20.330
 34.740 97.000 89.190 37.030 28.330 74.510 65.760 66.690 17.730 33.130 55.370 74.390 93.160 36.540 78.450 28.320 53.940 43.020 41.330 32.340 34.740 97.000 89.190 37.030 28.330 74.510 65.760 66.690 17.730 33.130 55.370 74.390 93.160 36.540 78.450 28.320 53.940 43.020 41.330 32.340
 42.160 96.470 43.320 30.700 94.750 89.570 39.760 97.240 94.190 30.360 29.460 74.030 60.330 53.720 96.550 11.260 78.370 41.000 14.250 53.210 42.160 96.470 43.320 30.700 94.750 89.570 39.760 97.240 94.190 30.360 29.460 74.030 60.330 53.720 96.550 11.260 78.370 41.000 14.250 53.210
 74.710 21.500 84.910 80.490 94.570 46.860  5.080 86.520 51.800 61.660 29.030 20.320 74.910  9.880 19.580 47.770 63.400 24.060 74.900 14.070 74.710 21.500 84.910 80.490 94.570 46.860  5.080 86.520 51.800 61.660 29.030 20.320 74.910  9.880 19.580 47.770 63.400 24.060 74.900 14.070
 63.390 75.360 69.630 81.650 53.530 90.860 67.320 14.630 91.860 55.930 92.970 66.910 99.590 79.450 33.330 32.780 25.280 61.230 74.550 77.380 63.390 75.360 69.630 81.650 53.530 90.860 67.320 14.630 91.860 55.930 92.970 66.910 99.590 79.450 33.330 32.780 25.280 61.230 74.550 77.380
 94.160 82.250 27.830  7.330  9.410 22.040 11.070 31.960 87.820 48.870 18.470 82.560 88.630 65.910 16.470 74.740 95.990 64.880 49.490 36.300 94.160 82.250 27.830  7.330  9.410 22.040 11.070 31.960 87.820 48.870 18.470 82.560 88.630 65.910 16.470 74.740 95.990 64.880 49.490 36.300
  1.360 49.700 41.250 55.830 94.590 89.670 65.510  9.300 68.590 94.650 78.750 72.390 61.560 95.990 33.690 84.170 86.510 34.840 57.550 19.830  1.360 49.700 41.250 55.830 94.590 89.670 65.510  9.300 68.590 94.650 78.750 72.390 61.560 95.990 33.690 84.170 86.510 34.840 57.550 19.830
 24.870 14.170 72.470 84.460 86.070 36.720 97.630 90.400 80.440 73.090  7.750  8.540 54.340 43.520 74.430 52.140 43.930 33.290 95.520 39.820 24.870 14.170 72.470 84.460 86.070 36.720 97.630 90.400 80.440 73.090  7.750  8.540 54.340 43.520 74.430 52.140 43.930 33.290 95.520 39.820
  9.870 56.140 26.260  6.390 75.510 31.090 66.440 17.340 31.110 15.210 65.800 26.580 62.320 45.730 68.190  4.670 30.290  7.690 12.850 50.400  9.870 56.140 26.260  6.390 75.510 31.090 66.440 17.340 31.110 15.210 65.800 26.580 62.320 45.730 68.190  4.670 30.290  7.690 12.850 50.400
 94.570 38.850 18.630  0.290 88.270  1.840 98.320 72.910 62.040 56.440 47.310 44.530 89.380 23.060 10.800 62.660 89.000 71.060 92.160 41.500 94.570 38.850 18.630  0.290 88.270  1.840 98.320 72.910 62.040 56.440 47.310 44.530 89.380 23.060 10.800 62.660 89.000 71.060 92.160 41.500
 66.350 51.350 76.960 49.050  0.410 15.130 25.040 26.680  5.590 16.310 96.150  5.090 20.930 91.230 70.890  6.110 95.360 57.380  2.750 50.320 66.350 51.350 76.960 49.050  0.410 15.130 25.040 26.680  5.590 16.310 96.150  5.090 20.930 91.230 70.890  6.110 95.360 57.380  2.750 50.320
 21.060 64.590 53.740 21.940 44.410 74.890 75.990 24.560 53.430 77.610 56.010 37.700 96.890 47.140 99.990  9.140 70.000 58.170 96.960 18.380 21.060 64.590 53.740 21.940 44.410 74.890 75.990 24.560 53.430 77.610 56.010 37.700 96.890 47.140 99.990  9.140 70.000 58.170 96.960 18.380
 91.470  4.530 13.310 47.320 88.290 98.620 75.650 51.110 92.330 31.890 10.160 72.280 28.410 84.920 97.180 92.900 57.880 27.530 97.400 54.290 91.470  4.530 13.310 47.320 88.290 98.620 75.650 51.110 92.330 31.890 10.160 72.280 28.410 84.920 97.180 92.900 57.880 27.530 97.400 54.290
 98.270 62.230 86.370 96.490 51.400 19.360 89.210 79.430 27.650 50.720 68.320 72.100 20.160 94.970 82.020 63.140 85.990 85.880 94.130 80.430 98.270 62.230 86.370 96.490 51.400 19.360 89.210 79.430 27.650 50.720 68.320 72.100 20.160 94.970 82.020 63.140 85.990 85.880 94.130 80.430
 30.700 66.660 76.380 66.770 61.370 22.480 76.030 64.470 25.050 44.890 10.660 10.820  6.220 10.750  0.830 41.750  4.180 12.360 15.000 18.850 30.700 66.660 76.380 66.770 61.370 22.480 76.030 64.470 25.050 44.890 10.660 10.820  6.220 10.750  0.830 41.750  4.180 12.360 15.000 18.850
 67.050 34.570 63.970 37.650 83.940 26.130 11.930 15.850 47.070 36.550 21.730 82.210 45.950 13.790 54.760  5.970 96.150 37.970 55.280 92.750 67.050 34.570 63.970 37.650 83.940 26.130 11.930 15.850 47.070 36.550 21.730 82.210 45.950 13.790 54.760  5.970 96.150 37.970 55.280 92.750
 68.160 12.510 78.280 27.330 21.970 85.030 84.930  9.500 86.600 64.150 54.640 57.300 16.280 59.570 53.240 41.150 76.670 27.990 94.450 79.590 68.160 12.510 78.280 27.330 21.970 85.030 84.930  9.500 86.600 64.150 54.640 57.300 16.280 59.570 53.240 41.150 76.670 27.990 94.450 79.590
 46.271 51.279 43.392 47.698 52.804 50.574 50.654 49.866 49.001 54.381 55.351 52.646 47.953 45.762 47.762 53.832 53.754 48.573 46.926 45.163 46.271 51.279 43.392 47.698 52.804 50.574 50.654 49.866 49.001 54.381 55.351 52.646 47.953 45.762 47.762 53.832 53.754 48.573 46.926 45.163
  7.610 64.260 22.060 61.930 98.910 49.500 22.190 83.710 95.160 77.990 27.920 73.720 92.330  4.580 37.580 15.650 33.490  9.360 46.460 70.380  7.610 64.260 22.060 61.930 98.910 49.500 22.190 83.710 95.160 77.990 27.920 73.720 92.330  4.580 37.580 15.650 33.490  9.360 46.460 70.380
 50.780 52.460 12.990 40.150 22.880 27.430 87.600 24.530 26.020 46.890 55.130 45.710 46.330 24.920 26.290 85.820 12.330 88.850 85.570 65.090 50.780 52.460 12.990 40.150 22.880 27.430 87.600 24.530 26.020 46.890 55.130 45.710 46.330 24.920 26.290 85.820 12.330 88.850 85.570 65.090
 31.120 25.430 61.220 13.370 53.110 63.830 99.210 14.260 66.560 50.460 18.270 80.300 24.330  7.260 74.120  3.100 15.890 37.610 97.880 72.530 31.120 25.430 61.220 13.370 53.110 63.830 99.210 14.260 66.560 50.460 18.270 80.300 24.330  7.260 74.120  3.100 15.890 37.610 97.880 72.530
 31.960 30.990 60.740 35.150 41.010 70.690 10.930 96.530 26.900 29.940 72.430 19.790 49.550 20.770 96.010 69.430 64.040  9.480 83.920 39.980 31.960 30.990 60.740 35.150 41.010 70.690 10.930 96.530 26.900 29.940 72.430 19.790 49.550 20.770 96.010 69.430 64.040  9.480 83.920 39.980
 31.750 31.770  2.920 63.590 40.540 42.620 99.020 75.730 36.370 51.820 79.000  0.910 63.860 82.130 50.710 69.310 73.200 29.640 49.950 25.240 31.750 31.770  2.920 63.590 40.540 42.620 99.020 75.730 36.370 51.820 79.000  0.910 63.860 82.130 50.710 69.310 73.200 29.640 49.950 25.240
 15.950 37.150 57.030 62.660 89.310  2.410  6.350 79.450 38.420 72.350 62.160 17.550 88.750 35.420 18.050 81.490 40.380 74.910  3.810 20.540 15.950 37.150 57.030 62.660 89.310  2.410  6.350 79.450 38.420 72.350 62.160 17.550 88.750 35.420 18.050 81.490 40.380 74.910  3.810 20.540
 61.640 64.950 90.960 74.090 12.690 26.290 38.690  4.560 27.580 96.960 71.840 82.870  6.450 61.800 43.930 86.880 78.390 44.520 71.310 87.240 61.640 64.950 90.960 74.090 12.690 26.290 38.690  4.560 27.580 96.960 71.840 82.870  6.450 61.800 43.930 86.880 78.390 44.520 71.310 87.240
 46.940  1.200 99.530 20.180 93.250 26.120  3.910 62.390 30.870 65.740 12.350 88.630 89.460 46.640 40.100 90.550 78.290 40.630 19.100 79.780 46.940  1.200 99.530 20.180 93.250 26.120  3.910 62.390 30.870 65.740 12.350 88.630 89.460 46.640 40.100 90.550 78.290 40.630 19.100 79.780
 95.140 51.500 13.530 51.640  8.920 82.500 52.540 79.800 22.150  1.390 80.450 74.180 69.130 89.420 95.120 79.660 74.150 80.280 70.420 81.080 95.140 51.500 13.530 51.640  8.920 82.500 52.540 79.800 22.150  1.390 80.450 74.180 69.130 89.420 95.120 79.660 74.150 80.280 70.420 81.080
 13.980 21.490 44.600  9.980 11.890 80.360  4.310 10.140 69.690 25.820 88.450 48.880 54.540 16.680 70.680 17.480 87.880 60.010  5.540  2.510 13.980 21.490 44.600  9.980 11.890 80.360  4.310 10.140 69.690 25.820 88.450 48.880 54.540 16.680 70.680 17.480 87.880 60.010  5.540  2.510
 61.870 90.450 19.270 59.180 29.460 34.430 97.050 61.670 76.150 60.800 26.140 30.160 52.110 13.050 32.310 62.800 18.370 19.330 48.240 23.090 61.870 90.450 19.270 59.180 29.460 34.430 97.050 61.670 76.150 60.800 26.140 30.160 52.110 13.050 32.310 62.800 18.370 19.330 48.240 23.090
  2.370 76.510 63.330 22.950  6.150 92.380 88.950 13.050 89.140 54.590 76.050 34.390 15.190  9.410 19.770 97.400 97.970 81.780 51.080 19.200  2.370 76.510 63.330 22.950  6.150 92.380 88.950 13.050 89.140 54.590 76.050 34.390 15.190  9.410 19.770 97.400 97.970 81.780 51.080 19.200
 36.980 55.080 65.940 17.070 89.570 63.550 73.850 15.000 46.970 63.190 18.350 17.970 51.890 40.460 55.940 20.600  8.360 58.640 96.660  6.990 36.980 55.080 65.940 17.070 89.570 63.550 73.850 15.000 46.970 63.190 18.350 17.970 51.890 40.460 55.940 20.600  8.360 58.640 96.660  6.990
 30.670 77.970 38.420  3.440 46.970 95.110 41.810 23.040 46.880 14.320  8.230 65.310 62.220 47.140 25.280 10.020 51.350 88.720  1.780 35.470 30.670 77.970 38.420  3.440 46.970 95.110 41.810 23.040 46.880 14.320  8.230 65.310 62.220 47.140 25.280 10.020 51.350 88.720  1.780 35.470
  5.950 30.120 51.860 85.480 17.150 80.610 16.080 74.100 73.560 36.600 36.160 40.280 20.030 72.610 11.450 25.950 28.240 98.150 30.380 91.650  5.950 30.120 51.860 85.480 17.150 80.610 16.080 74.100 73.560 36.600 36.160 40.280 20.030 72.610 11.450 25.950 28.240 98.150 30.380 91.650
 49.010 50.220 81.700 53.580  0.900 48.570 99.570 38.900 25.820 76.330  3.230 57.670 23.400 66.970 14.980 26.320 83.010 38.540 59.670 47.320 49.010 50.220 81.700 53.580  0.900 48.570 99.570 38.900 25.820 76.330  3.230 57.670 23.400 66.970 14.980 26.320 83.010 38.540 59.670 47.320
 62.390 49.440 72.490 60.020 73.620 50.530 92.920 83.120 15.300 84.360 31.130 75.500  4.790 93.950 72.380 34.710 42.580 19.890  5.070 21.150 62.390 49.440 72.490 60.020 73.620 50.530 92.920 83.120 15.300 84.360 31.130 75.500  4.790 93.950 72.380 34.710 42.580 19.890  5.070 21.150
 38.430 65.530 31.330 91.400 33.050 18.210 67.720 92.280 64.860  6.830 28.210 79.270 35.340 28.810 40.330 36.020 36.610 38.890 40.790 26.200 38.430 65.530 31.330 91.400 33.050 18.210 67.720 92.280 64.860  6.830 28.210 79.270 35.340 28.810 40.330 36.020 36.610 38.890 40.790 26.200
 98.030  8.190 16.560 21.390 11.720  8.030 15.560 21.940 95.460 29.510 68.410 91.300 48.640 55.560 72.730 20.240 93.950 99.430 42.650 38.390 98.030  8.190 16.560 21.390 11.720  8.030 15.560 21.940 95.460 29.510 68.410 91.300 48.640 55.560 72.730 20.240 93.950 99.430 42.650 38.390
 83.520 74.350 11.450  8.760 18.170 38.630  7.440 72.350  3.370 63.390  4.970 18.880 62.300  6.010  6.290 66.860  3.860 77.840 25.250 50.050 83.520 74.350 11.450  8.760 18.170 38.630  7.440 72.350  3.370 63.390  4.970 18.880 62.300  6.010  6.290 66.860  3.860 77.840 25.250 50.050
 76.370 34.560 69.380 80.050 67.510 85.990 47.190 64.220 54.210 88.460 46.410 30.660 97.500 14.410 89.520  3.010 45.090 67.920 95.120 66.480 76.370 34.560 69.380 80.050 67.510 85.990 47.190 64.220 54.210 88.460 46.410 30.660 97.500 14.410 89.520  3.010 45.090 67.920 95.120 66.480
 99.020 98.830 72.900 99.940 67.750 77.060 81.540 89.830 54.160 72.610 94.310 51.070 43.140  6.700 25.450 18.740 40.240 42.260 97.630 12.110 99.020 98.830 72.900 99.940 67.750 77.060 81.540 89.830 54.160 72.610 94.310 51.070 43.140  6.700 25.450 18.740 40.240 42.260 97.630 12.110
 38.680 57.940 85.740 38.190 75.570 65.160 83.980 62.640 99.260 33.290 99.190 72.900 50.300 54.810 88.660 89.870 52.230 33.180  1.350 13.210 38.680 57.940 85.740 38.190 75.570 65.160 83.980 62.640 99.260 33.290 99.190 72.900 50.300 54.810 88.660 89.870 52.230 33.180  1.350 13.210
 35.260 37.280 54.160 47.500 26.880 65.160 71.180 64.190 85.730 26.760 67.000 62.380 92.200 22.260 58.080 47.400 86.120 16.800 88.280 23.970 35.260 37.280 54.160 47.500 26.880 65.160 71.180 64.190 85.730 26.760 67.000 62.380 92.200 22.260 58.080 47.400 86.120 16.800 88.280 23.970
 51.190 81.860 68.070 87.960 20.690 17.820 88.680 94.890 84.310  4.070 51.760 13.020 25.420 90.440 64.860 75.650 77.310 66.710 16.960 28.850 51.190 81.860 68.070 87.960 20.690 17.820 88.680 94.890 84.310  4.070 51.760 13.020 25.420 90.440 64.860 75.650 77.310 66.710 16.960 28.850
 56.320 46.880 65.490 11.000  7.240 95.330 47.410 65.340 73.550 11.750 96.880 57.090 86.590 93.920 45.290 64.230 17.670 95.550 31.380 79.280 56.320 46.880 65.490 11.000  7.240 95.330 47.410 65.340 73.550 11.750 96.880 57.090 86.590 93.920 45.290 64.230 17.670 95.550 31.380 79.280
 39.870 56.260  1.870 70.200 33.710 79.240 51.710 77.660 65.820 46.040 81.250  9.780 41.840 10.190 78.770 65.040 57.980 62.520  4.120 65.780 39.870 56.260  1.870 70.200 33.710 79.240 51.710 77.660 65.820 46.040 81.250  9.780 41.840 10.190 78.770 65.040 57.980 62.520  4.120 65.780
  9.790  4.700  8.300 93.910 19.760 54.740 42.300 34.860 74.850 26.010 14.510 46.460 78.550 53.240 63.820 26.380 63.690 58.920 17.060 85.820  9.790  4.700  8.300 93.910 19.760 54.740 42.300 34.860 74.850 26.010 14.510 46.460 78.550 53.240 63.820 26.380 63.690 58.920 17.060 85.820
 36.050  6.210 97.450 21.280 13.030 74.860 21.370 63.120 88.710 35.760 21.510 35.400 40.420 26.040 19.710 22.120 23.970 18.300  8.740 56.860 36.050  6.210 97.450 21.280 13.030 74.860 21.370 63.120 88.710 35.760 21.510 35.400 40.420 26.040 19.710 22.120 23.970 18.300  8.740 56.860
  7.640 83.680 37.990 85.810 56.530 27.390 91.270 43.470 78.610  9.340 79.130  3.740 46.830 22.760 27.720 24.630 38.500 38.970 17.000 28.620  7.640 83.680 37.990 85.810 56.530 27.390 91.270 43.470 78.610  9.340 79.130  3.740 46.830 22.760 27.720 24.630 38.500 38.970 17.000 28.620
 65.690 28.260  8.650 21.330 36.090 66.490 56.390 49.500 75.300 21.660 65.950  6.830 42.730 67.990 69.710 86.350 77.540 82.530 96.630 38.520 65.690 28.260  8.650 21.330 36.090 66.490 56.390 49.500 75.300 21.660 65.950  6.830 42.730 67.990 69.710 86.350 77.540 82.530 96.630 38.520
 56.650  5.000 55.460  4.060 95.460 17.400 21.950 99.110 84.960 80.530 77.560 82.370 22.290 66.000 21.380 54.430 24.260 79.950 72.410 53.860 56.650  5.000 55.460  4.060 95.460 17.400 21.950 99.110 84.960 80.530 77.560 82.370 22.290 66.000 21.380 54.430 24.260 79.950 72.410 53.860
 47.590  3.370 47.540 73.480 31.860 90.240 79.900 99.280 39.050 91.920 51.180 35.270 65.410 85.450 55.370 79.500 65.400 39.810 25.570 41.090 47.590  3.370 47.540 73.480 31.860 90.240 79.900 99.280 39.050 91.920 51.180 35.270 65.410 85.450 55.370 79.500 65.400 39.810 25.570 41.090
 14.100 28.850 11.530 37.690 60.480 44.330  0.000 87.110 84.370 75.280 93.950 67.250 41.560  6.400 80.790 81.230 49.720 39.290 43.400 89.580 14.100 28.850 11.530 37.690 60.480 44.330  0.000 87.110 84.370 75.280 93.950 67.250 41.560  6.400 80.790 81.230 49.720 39.290 43.400 89.580
  4.100  2.370 74.850 80.550 35.250 10.180 59.120 74.860  3.130 48.420 99.100 20.720 43.980 26.290  7.280 95.980 74.050 76.250 43.820 73.690  4.100  2.370 74.850 80.550 35.250 10.180 59.120 74.860  3.130 48.420 99.100 20.720 43.980 26.290  7.280 95.980 74.050 76.250 43.820 73.690
 98.480 43.430 25.320 16.820  3.270 66.560 81.900 62.370 79.260 38.950 38.600 24.090 57.690 47.140 14.710 43.100 83.400 76.970 32.640 14.700 98.480 43.430 25.320 16.820  3.270 66.560 81.900 62.370 79.260 38.950 38.600 24.090 57.690 47.140 14.710 43.100 83.400 76.970 32.640 14.700
 41.390 66.090 47.080 79.390 21.830 47.650 37.770  6.910 75.680 93.000 91.510 66.240 49.370 87.560 36.390 64.330 69.520 52.420 43.170 66.830 41.390 66.090 47.080 79.390 21.830 47.650 37.770  6.910 75.680 93.000 91.510 66.240 49.370 87.560 36.390 64.330 69.520 52.420 43.170 66.830
 44.810 38.910 70.130 86.440 81.890 47.290 82.720 85.940 68.280 95.190 42.410 30.810 87.120 57.720 80.050 68.640 41.570 88.130 32.430 56.800 44.810 38.910 70.130 86.440 81.890 47.290 82.720 85.940 68.280 95.190 42.410 30.810 87.120 57.720 80.050 68.640 41.570 88.130 32.430 56.800
 68.450  1.670 75.870 31.100 57.410 66.600 33.610 91.390 20.620 37.870 51.130 64.730 55.630 91.570 84.620 67.720 53.840 11.910 71.460 95.470 68.450  1.670 75.870 31.100 57.410 66.600 33.610 91.390 20.620 37.870 51.130 64.730 55.630 91.570 84.620 67.720 53.840 11.910 71.460 95.470
 22.910 82.340 21.530 12.080 72.260 42.760 21.300 98.520 14.200 62.890 90.640  7.470 50.270 22.210 88.610 56.200 91.170 12.910 58.330 47.060 22.910 82.340 21.530 12.080 72.260 42.760 21.300 98.520 14.200 62.890 90.640  7.470 50.270 22.210 88.610 56.200 91.170 12.910 58.330 47.060
 21.200 58.040 79.800 47.660 58.940 66.830 75.330 70.970 15.580 70.160 78.570 79.150 84.850 54.150 23.330 58.680 49.180 22.230 24.150 15.200 21.200 58.040 79.800 47.660 58.940 66.830 75.330 70.970 15.580 70.160 78.570 79.150 84.850 54.150 23.330 58.680 49.180 22.230 24.150 15.200
 38.230  4.890 79.120 91.880  3.480 30.570  0.160 21.220 44.520 66.840 14.220 61.030 84.550 42.070 91.120 65.180 88.580 32.940 60.450 98.290 38.230  4.890 79.120 91.880  3.480 30.570  0.160 21.220 44.520 66.840 14.220 61.030 84.550 42.070 91.120 65.180 88.580 32.940 60.450 98.290
 16.050 62.580 13.990 66.840 28.100 87.000 65.090 42.080 73.020 44.120 90.840 63.440 41.930 60.710 21.730 87.930 86.250 47.870 75.240  5.960 16.050 62.580 13.990 66.840 28.100 87.000 65.090 42.080 73.020 44.120 90.840 63.440 41.930 60.710 21.730 87.930 86.250 47.870 75.240  5.960
 54.050 42.290 15.290 86.200 48.970 37.690 60.800 22.300 84.230 15.350 24.330 37.950 21.040 51.430 45.580 78.080 15.960 18.010 28.540 44.770 54.050 42.290 15.290 86.200 48.970 37.690 60.800 22.300 84.230 15.350 24.330 37.950 21.040 51.430 45.580 78.080 15.960 18.010 28.540 44.770
 79.170 68.550 19.260 68.560  0.650 62.130 60.240 37.600  8.410 43.880 15.640 95.240 64.470 65.290 48.050  6.060 49.540 36.730  7.500 44.470 79.170 68.550 19.260 68.560  0.650 62.130 60.240 37.600  8.410 43.880 15.640 95.240 64.470 65.290 48.050  6.060 49.540 36.730  7.500 44.470
 96.510 76.540  7.220 52.530 96.260 74.040 53.340 58.780 43.840 73.830 66.390 70.750 38.320 70.390 38.620 12.610 19.590 82.970 52.720 44.660 96.510 76.540  7.220 52.530 96.260 74.040 53.340 58.780 43.840 73.830 66.390 70.750 38.320 70.390 38.620 12.610 19.590 82.970 52.720 44.660
 62.450 65.280  9.680 15.980 45.170 21.780 84.040 71.160 24.540 69.160 79.150 30.080 45.880 55.780 59.510 38.360  7.870 95.370 45.190  6.330 62.450 65.280  9.680 15.980 45.170 21.780 84.040 71.160 24.540 69.160 79.150 30.080 45.880 55.780 59.510 38.360  7.870 95.370 45.190  6.330
 19.330 42.300 27.620 15.900 23.320 27.890 88.580 54.530 28.250 37.550 72.660 50.720 52.440 96.480 55.830 67.130 27.940  8.320  5.520 33.280 19.330 42.300 27.620 15.900 23.320 27.890 88.580 54.530 28.250 37.550 72.660 50.720 52.440 96.480 55.830 67.130 27.940  8.320  5.520 33.280
 46.800 40.170 69.380 30.550 54.960 74.260  8.190 67.050 29.410 40.780 52.250 99.510 86.810 66.880 29.190 17.230 95.600 10.650 16.860 10.360 46.800 40.170 69.380 30.550 54.960 74.260  8.190 67.050 29.410 40.780 52.250 99.510 86.810 66.880 29.190 17.230 95.600 10.650 16.860 10.360
 48.680 86.490  1.280  4.020 18.990 98.580 17.170 61.780 12.020 31.560  0.290 18.800 40.050 76.050  3.450  1.930 72.190 71.310 93.050 95.070 48.680 86.490  1.280  4.020 18.990 98.580 17.170 61.780 12.020 31.560  0.290 18.800 40.050 76.050  3.450  1.930 72.190 71.310 93.050 95.070
 33.480 20.280 58.350 58.180 43.710 84.840 42.060 10.200 65.110 86.980 27.590 60.650 62.460  6.850 30.200 32.220 39.520 22.420  8.340 38.200 33.480 20.280 58.350 58.180 43.710 84.840 42.060 10.200 65.110 86.980 27.590 60.650 62.460  6.850 30.200 32.220 39.520 22.420  8.340 38.200
  0.340 37.200 36.980 90.400  9.210 25.160  5.730 86.750 79.590 89.220 76.070  6.730 79.400 98.200 88.570 89.300 97.880 36.760 37.000 74.810  0.340 37.200 36.980 90.400  9.210 25.160  5.730 86.750 79.590 89.220 76.070  6.730 79.400 98.200 88.570 89.300 97.880 36.760 37.000 74.810
 87.350 99.000 56.040 80.470 12.030 33.670 55.150 14.520 46.710 67.460 81.500 31.510 21.310 18.720 87.310 93.130 79.830 80.580 73.770 48.130 87.350 99.000 56.040 80.470 12.030 33.670 55.150 14.520 46.710 67.460 81.500 31.510 21.310 18.720 87.310 93.130 79.830 80.580 73.770 48.130
 34.590  6.870 11.240 85.960 12.070 95.330  5.440 76.910  2.150 16.740 93.880 66.910 65.320 63.170 88.370 47.550 85.310 10.200 58.790 27.080 34.590  6.870 11.240 85.960 12.070 95.330  5.440 76.910  2.150 16.740 93.880 66.910 65.320 63.170 88.370 47.550 85.310 10.200 58.790 27.080
 48.780 92.010 53.320 51.920 48.630 66.070 15.070 11.890 77.380 53.600  2.010 80.950 20.980 25.220 67.290 87.600 14.590 87.840 95.900 52.430 48.780 92.010 53.320 51.920 48.630 66.070 15.070 11.890 77.380 53.600  2.010 80.950 20.980 25.220 67.290 87.600 14.590 87.840 95.900 52.430
 76.850 16.260 29.350 78.860 26.960 23.750 47.030 97.000 18.320 10.220 56.110 90.330 77.130 72.660 54.030 71.360 71.180 34.110 67.350 27.710 76.850 16.260 29.350 78.860 26.960 23.750 47.030 97.000 18.320 10.220 56.110 90.330 77.130 72.660 54.030 71.360 71.180 34.110 67.350 27.710
 85.030 35.410 77.860 36.750 71.770 21.700 57.060 80.460 18.540 39.920 46.480 32.170 42.790 81.240 55.730 61.850 21.810  4.240 47.120 37.440 85.030 35.410 77.860 36.750 71.770 21.700 57.060 80.460 18.540 39.920 46.480 32.170 42.790 81.240 55.730 61.850 21.810  4.240 47.120 37.440
 83.530 14.380 73.330 77.750 45.030 84.790 73.760 34.800 32.320 14.120 47.140 41.040 12.780 99.650 76.070  1.830 82.560 88.240 60.360 80.960 83.530 14.380 73.330 77.750 45.030 84.790 73.760 34.800 32.320 14.120 47.140 41.040 12.780 99.650 76.070  1.830 82.560 88.240 60.360 80.960
 77.420  4.180 93.030 10.930 59.640 86.170 75.930 51.160 36.800 99.820 21.680 68.790 28.670 62.600  7.860 71.940 40.940 14.510 12.180 51.510 77.420  4.180 93.030 10.930 59.640 86.170 75.930 51.160 36.800 99.820 21.680 68.790 28.670 62.600  7.860 71.940 40.940 14.510 12.180 51.510
 45.410 40.430 79.700 70.120 98.800 66.980 19.720 64.690 54.570 37.330 10.240  0.060  1.530  7.770 80.260 57.140 50.620 18.650 63.000 82.650 45.410 40.430 79.700 70.120 98.800 66.980 19.720 64.690 54.570 37.330 10.240  0.060  1.530  7.770 80.260 57.140 50.620 18.650 63.000 82.650
 65.460 26.120 80.220 34.960 51.570 41.210 95.320 41.160 30.020 67.420 85.830 45.340 82.490 78.690 16.520 65.830 13.040 31.600 73.150 20.830 65.460 26.120 80.220 34.960 51.570 41.210 95.320 41.160 30.020 67.420 85.830 45.340 82.490 78.690 16.520 65.830 13.040 31.600 73.150 20.830
 81.180 21.880 46.930 88.450 25.800 38.580  1.600 40.420 76.730 55.030 43.060 55.230 39.160 98.720  0.560 11.600 64.040 44.000  6.120 78.840 81.180 21.880 46.930 88.450 25.800 38.580  1.600 40.420 76.730 55.030 43.060 55.230 39.160 98.720  0.560 11.600 64.040 44.000  6.120 78.840
 49.884 45.552 38.921 48.976 53.632 47.980 46.856 36.317 47.198 52.156 57.183 53.506 44.850 46.873 48.624 57.299 53.895 45.537 39.899 41.066 49.884 45.552 38.921 48.976 53.632 47.980 46.856 36.317 47.198 52.156 57.183 53.506 44.850 46.873 48.624 57.299 53.895 45.537 39.899 41.066
  8.370 15.740 74.170 52.150 88.560 13.710 46.290 77.170 71.930 85.130 25.640 87.490  5.300 87.730 10.850 46.750 84.740 46.900 72.060 27.290  8.370 15.740 74.170 52.150 88.560 13.710 46.290 77.170 71.930 85.130 25.640 87.490  5.300 87.730 10.850 46.750 84.740 46.900 72.060 27.290
 76.200 75.850 33.160 31.460  9.870 77.060 46.540 59.180 44.920  9.620 35.770 35.700 97.900 29.660 58.760 80.840  9.330  7.610 24.280 82.610 76.200 75.850 33.160 31.460  9.870 77.060 46.540 59.180 44.920  9.620 35.770 35.700 97.900 29.660 58.760 80.840  9.330  7.610 24.280 82.610


>> Numero de elementos de cada cluster y densidad del cluster

      0  0.000 
      0  0.000 
      0  0.000 
      0  0.000 
      0  0.000 
      0  0.000 
      0  0.000 
      0  0.000 
      0  0.000 
      0  0.000 
      0  0.000 
      0  0.000 
      0  0.000 
      0  0.000 
      0  0.000 
      0  0.000 
      0  0.000 
      0  0.000 
      0  0.000 
      0  0.000 
      0  0.000 
      0  0.000 
      0  0.000 
      0  0.000 
      0  0.000 
      0  0.000 
      0  0.000 
      0  0.000 
      0  0.000 
      0  0.000 
      0  0.000 
      0  0.000 
      0  0.000 
      0  0.000 
    983  104783.109 
      0  0.000 
      0  0.000 
      0  0.000 
      0  0.000 
      0  0.000 
      0  0.000 
      0  0.000 
      0  0.000 
      0  0.000 
      0  0.000 
      0  0.000 
      0  0.000 
      0  0.000 
      0  0.000 
      0  0.000 
      0  0.000 
      0  0.000 
      0  0.000 
      0  0.000 
      0  0.000 
      0  0.000 
      0  0.000 
      0  0.000 
      0  0.000 
      0  0.000 
      0  0.000 
      0  0.000 
      0  0.000 
      0  0.000 
      0  0.000 
      0  0.000 
      0  0.000 
      0  0.000 
      0  0.000 
      0  0.000 
      0  0.000 
      0  0.000 
      0  0.000 
      0  0.000 
      0  0.000 
      0  0.000 
      0  0.000 
      0  0.000 
      0  0.000 
      0  0.000 
      0  0.000 
      0  0.000 
      0  0.000 
      0  0.000 
      0  0.000 
      0  0.000 
      0  0.000 
      0  0.000 
      0  0.000 
      0  0.000 
      0  0.000 
      0  0.000 
      0  0.000 
      0  0.000 
      0  0.000 
      0  0.000 
      0  0.000 
     17  1535.156 
      0  0.000 
      0  0.000 


>> Analisis de enfermedades en los grupos

Enfermedad:  0 - max: 0.53 (grupo 97) - min: 0.48 (grupo 34)
Enfermedad:  1 - max: 0.00 (grupo 97) - min: 0.40 (grupo 97)
Enfermedad:  2 - max: 0.00 (grupo 97) - min: 0.64 (grupo 97)
Enfermedad:  3 - max: 0.00 (grupo 97) - min: 0.21 (grupo 97)
Enfermedad:  4 - max: 0.83 (grupo 97) - min: 0.82 (grupo 34)
Enfermedad:  5 - max: 0.00 (grupo 97) - min: 0.12 (grupo 97)
Enfermedad:  6 - max: 0.50 (grupo 97) - min: 0.49 (grupo 34)
Enfermedad:  7 - max: 0.00 (grupo 97) - min: 0.36 (grupo 97)
Enfermedad:  8 - max: 0.00 (grupo 97) - min: 0.57 (grupo 97)
Enfermedad:  9 - max: 0.29 (grupo 97) - min: 0.25 (grupo 34)
Enfermedad: 10 - max: 0.00 (grupo 97) - min: 0.78 (grupo 97)
Enfermedad: 11 - max: 0.00 (grupo 97) - min: 0.09 (grupo 97)
Enfermedad: 12 - max: 0.58 (grupo 97) - min: 0.51 (grupo 34)
Enfermedad: 13 - max: 0.53 (grupo 97) - min: 0.40 (grupo 34)
Enfermedad: 14 - max: 0.69 (grupo 97) - min: 0.69 (grupo 34)
Enfermedad: 15 - max: 0.28 (grupo 97) - min: 0.24 (grupo 34)
Enfermedad: 16 - max: 0.00 (grupo 97) - min: 0.78 (grupo 97)
Enfermedad: 17 - max: 0.00 (grupo 97) - min: 0.12 (grupo 97)
Enfermedad: 18 - max: 0.59 (grupo 97) - min: 0.50 (grupo 34)
Enfermedad: 19 - max: 0.00 (grupo 97) - min: 0.33 (grupo 97)
