>> Centroides de los clusters

 12.141 20.536 54.267 65.831 17.338 15.109 60.975 76.101  9.882 28.215 68.149 71.985 39.990 54.057 68.024 64.004 17.933 64.810 69.637 13.570 12.141 20.536 54.267 65.831 17.338 15.109 60.975 76.101  9.882 28.215 68.149 71.985 39.990 54.057 68.024 64.004 17.933 64.810 69.637 13.570
 75.611 30.744 30.621 46.061 33.089 66.451 34.209 15.770 19.416 39.489 86.228 13.019 25.861 40.155 58.900 76.534 20.265 74.103 56.537 75.799 75.611 30.744 30.621 46.061 33.089 66.451 34.209 15.770 19.416 39.489 86.228 13.019 25.861 40.155 58.900 76.534 20.265 74.103 56.537 75.799
 34.714 20.804 17.993 33.943 70.954 27.455 50.975 84.123 50.252 77.551 32.616 25.231 40.088 80.516 46.945 41.519 33.477 46.759 17.100 53.392 34.714 20.804 17.993 33.943 70.954 27.455 50.975 84.123 50.252 77.551 32.616 25.231 40.088 80.516 46.945 41.519 33.477 46.759 17.100 53.392
 39.370 62.695 65.915 60.268 39.665 26.447 70.321 25.813 44.842 42.153 71.675 53.640 37.162 37.481 64.415 50.305 42.173 63.888 71.916 40.685 39.370 62.695 65.915 60.268 39.665 26.447 70.321 25.813 44.842 42.153 71.675 53.640 37.162 37.481 64.415 50.305 42.173 63.888 71.916 40.685
 72.844 82.381 49.414 31.519 32.914 36.897 76.395 25.692 60.729 42.785 11.606 75.338 51.431 13.403 20.674 68.134 80.757 80.645 15.339 86.260 72.844 82.381 49.414 31.519 32.914 36.897 76.395 25.692 60.729 42.785 11.606 75.338 51.431 13.403 20.674 68.134 80.757 80.645 15.339 86.260
 31.635 42.650 26.883 65.888 64.822 31.882 34.590 31.011 59.208 28.386 66.907 42.132 42.158 66.118 65.522 56.667 28.562 43.964 31.309 56.660 31.635 42.650 26.883 65.888 64.822 31.882 34.590 31.011 59.208 28.386 66.907 42.132 42.158 66.118 65.522 56.667 28.562 43.964 31.309 56.660
 36.727 43.868 64.876 69.390 49.204 62.650 38.181 74.639 70.411 33.693 61.800 41.872 69.431 47.339 28.131 37.284 63.830 36.352 58.267 68.552 36.727 43.868 64.876 69.390 49.204 62.650 38.181 74.639 70.411 33.693 61.800 41.872 69.431 47.339 28.131 37.284 63.830 36.352 58.267 68.552
 73.476 46.966 27.477 59.967 44.028 73.414 48.618 73.240 46.568 43.528 48.362 27.525 63.332 62.955 30.528 34.042 30.390 48.055 48.488 55.216 73.476 46.966 27.477 59.967 44.028 73.414 48.618 73.240 46.568 43.528 48.362 27.525 63.332 62.955 30.528 34.042 30.390 48.055 48.488 55.216
 47.838 62.917 83.518 10.144 53.786 83.267 13.111 54.017 25.273 77.073 34.717 65.839 75.145 66.712 15.339 68.690 38.403 87.153 70.741 40.985 47.838 62.917 83.518 10.144 53.786 83.267 13.111 54.017 25.273 77.073 34.717 65.839 75.145 66.712 15.339 68.690 38.403 87.153 70.741 40.985
 37.749 48.314 44.522 46.929 76.720 30.788 81.983 31.060 27.733 25.502 63.124 83.379 82.529 27.591 45.482 13.572 26.122 28.772 80.994 70.627 37.749 48.314 44.522 46.929 76.720 30.788 81.983 31.060 27.733 25.502 63.124 83.379 82.529 27.591 45.482 13.572 26.122 28.772 80.994 70.627
 68.325 33.280 56.067 23.690 29.113 46.034 49.588 52.227 45.192 23.960 23.334 45.250 66.553 25.869 41.078 25.861 49.164 28.858 31.300 33.353 68.325 33.280 56.067 23.690 29.113 46.034 49.588 52.227 45.192 23.960 23.334 45.250 66.553 25.869 41.078 25.861 49.164 28.858 31.300 33.353
 70.473 57.199 62.816 44.511 74.891 56.657 70.322 74.976 70.947 54.597 52.657 30.493 56.057 55.627 61.709 56.621 57.452 72.912 62.643 52.900 70.473 57.199 62.816 44.511 74.891 56.657 70.322 74.976 70.947 54.597 52.657 30.493 56.057 55.627 61.709 56.621 57.452 72.912 62.643 52.900
 65.343 54.947 44.236 55.342 33.296 25.768 39.068 71.622 68.706 71.839 30.480 67.220 43.832 48.689 64.486 59.866 30.529 34.203 59.970 50.379 65.343 54.947 44.236 55.342 33.296 25.768 39.068 71.622 68.706 71.839 30.480 67.220 43.832 48.689 64.486 59.866 30.529 34.203 59.970 50.379
 35.090 64.518 47.227 78.664  9.930 22.007 32.314 56.450 71.134 13.971 19.401 55.301  9.978 18.548 16.817 55.444 23.799 33.341 43.299 43.713 35.090 64.518 47.227 78.664  9.930 22.007 32.314 56.450 71.134 13.971 19.401 55.301  9.978 18.548 16.817 55.444 23.799 33.341 43.299 43.713
 44.423 29.815 29.731 20.370 76.413 34.945 21.107 88.816 37.762 37.600 88.491 62.685 13.199 79.281 24.038 86.156 49.883 37.297 75.873 73.695 44.423 29.815 29.731 20.370 76.413 34.945 21.107 88.816 37.762 37.600 88.491 62.685 13.199 79.281 24.038 86.156 49.883 37.297 75.873 73.695
 33.602 32.830 25.336 36.315 55.789 30.062 43.419 57.380 25.609 52.241 36.346 44.840 63.547 37.206 60.543 32.568 70.690 47.545 69.142 53.522 33.602 32.830 25.336 36.315 55.789 30.062 43.419 57.380 25.609 52.241 36.346 44.840 63.547 37.206 60.543 32.568 70.690 47.545 69.142 53.522
 39.864 79.452 37.066 13.512 46.597 83.744 38.893 72.623 85.962 78.314 85.388 62.329 54.519 40.226 88.299 82.788 63.496 30.047 69.159 59.834 39.864 79.452 37.066 13.512 46.597 83.744 38.893 72.623 85.962 78.314 85.388 62.329 54.519 40.226 88.299 82.788 63.496 30.047 69.159 59.834
 65.678 86.988 33.302 18.008 40.117 46.046 22.809 55.038 22.106 19.061 17.421 18.295 44.589 71.756 36.858 57.231 52.254 57.578 67.289 46.075 65.678 86.988 33.302 18.008 40.117 46.046 22.809 55.038 22.106 19.061 17.421 18.295 44.589 71.756 36.858 57.231 52.254 57.578 67.289 46.075
 76.596 25.819 75.074 44.383 44.403 60.900 82.004 38.084 10.212 35.384 20.307 39.965 66.260 38.858 33.195 86.310 43.253 80.198 87.023 77.532 76.596 25.819 75.074 44.383 44.403 60.900 82.004 38.084 10.212 35.384 20.307 39.965 66.260 38.858 33.195 86.310 43.253 80.198 87.023 77.532
 51.822 15.460 56.531 48.604 74.581 44.726 85.557 57.938 49.185 75.603 30.360 74.408 55.925 49.898 22.764 80.420 30.674 65.776 84.990 53.575 51.822 15.460 56.531 48.604 74.581 44.726 85.557 57.938 49.185 75.603 30.360 74.408 55.925 49.898 22.764 80.420 30.674 65.776 84.990 53.575
 40.386 57.955 40.497 42.395 13.414 33.249 46.537 53.820 89.196 52.002 52.114 23.000 19.612 48.088 40.353 22.586 47.201 75.642 17.789 34.502 40.386 57.955 40.497 42.395 13.414 33.249 46.537 53.820 89.196 52.002 52.114 23.000 19.612 48.088 40.353 22.586 47.201 75.642 17.789 34.502
 40.141 19.217 68.598 38.356 25.581 58.154 50.275 37.378 65.266 23.952 56.626 47.973 29.048 80.663 60.771 16.976 64.165 62.612 83.190 46.912 40.141 19.217 68.598 38.356 25.581 58.154 50.275 37.378 65.266 23.952 56.626 47.973 29.048 80.663 60.771 16.976 64.165 62.612 83.190 46.912
 39.626 25.955 59.386 16.654 77.561 55.460 48.005 20.278 32.865 39.726 26.080 43.977 42.132 53.680 59.944 34.284 36.660 82.823 36.195 49.899 39.626 25.955 59.386 16.654 77.561 55.460 48.005 20.278 32.865 39.726 26.080 43.977 42.132 53.680 59.944 34.284 36.660 82.823 36.195 49.899
 77.331 64.577 58.670 78.202 28.983 49.786 43.915 88.505 23.566 11.851 12.236 69.787 20.537 34.726 44.363 63.908 24.358 70.983 58.857 48.127 77.331 64.577 58.670 78.202 28.983 49.786 43.915 88.505 23.566 11.851 12.236 69.787 20.537 34.726 44.363 63.908 24.358 70.983 58.857 48.127
 42.838 19.305 14.763 10.126 37.818 83.268 84.910 13.361 67.864 84.200 42.573 22.499 85.242 36.884 16.439 39.050 48.017 20.321 41.601 68.905 42.838 19.305 14.763 10.126 37.818 83.268 84.910 13.361 67.864 84.200 42.573 22.499 85.242 36.884 16.439 39.050 48.017 20.321 41.601 68.905
 68.717 58.304 64.003 57.180 43.471 29.469 25.971 72.893 31.409 44.247 63.497 28.951 51.598 45.004 72.706 48.809 60.092 35.964 40.447 55.728 68.717 58.304 64.003 57.180 43.471 29.469 25.971 72.893 31.409 44.247 63.497 28.951 51.598 45.004 72.706 48.809 60.092 35.964 40.447 55.728
 26.531 52.181 50.957 31.022 26.838 50.447 68.676 53.348 62.881 83.463 71.616 26.090 83.309 27.544 82.386 45.346 75.637 38.868 16.597 27.025 26.531 52.181 50.957 31.022 26.838 50.447 68.676 53.348 62.881 83.463 71.616 26.090 83.309 27.544 82.386 45.346 75.637 38.868 16.597 27.025
 26.916 44.720 61.645 22.321 66.198 17.103 79.626 45.970 52.230 21.847 48.102 62.167 31.255 70.498 47.634 48.149 56.733 42.962 50.093 69.746 26.916 44.720 61.645 22.321 66.198 17.103 79.626 45.970 52.230 21.847 48.102 62.167 31.255 70.498 47.634 48.149 56.733 42.962 50.093 69.746
 40.511 59.236 88.181 35.950 12.889 41.422 37.215 29.532 32.195 69.023 74.002 67.096 11.686 39.245 37.806 11.040 62.524 42.703 20.834 15.030 40.511 59.236 88.181 35.950 12.889 41.422 37.215 29.532 32.195 69.023 74.002 67.096 11.686 39.245 37.806 11.040 62.524 42.703 20.834 15.030
 71.993 77.307 38.935 65.257 30.352 49.740 69.386 38.717 68.343 63.249 65.836 55.680 15.492 81.315 26.901 25.207 11.505 76.961 58.715 10.388 71.993 77.307 38.935 65.257 30.352 49.740 69.386 38.717 68.343 63.249 65.836 55.680 15.492 81.315 26.901 25.207 11.505 76.961 58.715 10.388
 34.910 53.134 65.636 51.645 71.041 64.876 53.419 42.248 27.951 59.961 75.673 32.604 34.385 40.512 25.706 37.470 55.838 67.889 38.900 54.165 34.910 53.134 65.636 51.645 71.041 64.876 53.419 42.248 27.951 59.961 75.673 32.604 34.385 40.512 25.706 37.470 55.838 67.889 38.900 54.165
 77.426 86.187 32.655 36.824 69.412 57.573 38.626 30.052 52.397 80.515 26.808 69.093 32.707 14.341 41.915 39.313 65.998 56.402 69.595 29.967 77.426 86.187 32.655 36.824 69.412 57.573 38.626 30.052 52.397 80.515 26.808 69.093 32.707 14.341 41.915 39.313 65.998 56.402 69.595 29.967
 79.121 38.894 34.030 42.328 82.904 19.288 57.838 42.032 79.366 39.049 67.791 35.339 29.676 33.205 31.865 36.664 28.860 51.212 16.681 49.008 79.121 38.894 34.030 42.328 82.904 19.288 57.838 42.032 79.366 39.049 67.791 35.339 29.676 33.205 31.865 36.664 28.860 51.212 16.681 49.008
 29.836 70.363 47.476 21.688 23.108 20.962 26.709 57.565 49.708 82.209 43.065 50.889 82.238 80.837 71.320 62.311 86.954 28.166 27.924 69.759 29.836 70.363 47.476 21.688 23.108 20.962 26.709 57.565 49.708 82.209 43.065 50.889 82.238 80.837 71.320 62.311 86.954 28.166 27.924 69.759
 32.766 86.553 63.740 49.304 58.007 43.457 75.957 82.667 34.656 77.507 11.190 71.645 52.355 84.593 39.461 11.702 10.113 45.727 32.947 50.424 32.766 86.553 63.740 49.304 58.007 43.457 75.957 82.667 34.656 77.507 11.190 71.645 52.355 84.593 39.461 11.702 10.113 45.727 32.947 50.424
 16.462 82.791 74.296 84.076 19.727 40.316 83.019 57.746 57.896 78.629 21.729 21.365 64.974 57.238 29.857  9.340 82.017 74.261 73.883 88.383 16.462 82.791 74.296 84.076 19.727 40.316 83.019 57.746 57.896 78.629 21.729 21.365 64.974 57.238 29.857  9.340 82.017 74.261 73.883 88.383
 49.758 85.113 56.737 16.218 31.616 82.523 51.113 86.165 40.770 72.320 44.042 85.696 80.261 27.397 77.023 31.277 33.462 11.133 52.798 91.145 49.758 85.113 56.737 16.218 31.616 82.523 51.113 86.165 40.770 72.320 44.042 85.696 80.261 27.397 77.023 31.277 33.462 11.133 52.798 91.145
 69.765 43.976 28.099 41.551 31.883 33.004 74.930 38.858 63.667 52.053 50.418 32.435 28.400 54.062 66.578 40.777 67.190 30.086 52.973 69.746 69.765 43.976 28.099 41.551 31.883 33.004 74.930 38.858 63.667 52.053 50.418 32.435 28.400 54.062 66.578 40.777 67.190 30.086 52.973 69.746
 15.363 49.798 54.451 85.404 86.212 15.986 54.754 46.372 75.868 68.082 73.785 21.060 72.678 31.384 66.430 88.340 65.992 37.204 85.740 46.810 15.363 49.798 54.451 85.404 86.212 15.986 54.754 46.372 75.868 68.082 73.785 21.060 72.678 31.384 66.430 88.340 65.992 37.204 85.740 46.810
 50.969 77.800 54.308 66.901 66.412 31.445 21.328 27.455 68.150 27.407 29.365 76.473 70.874 16.700 88.203 20.068 36.379 74.988 81.802 30.235 50.969 77.800 54.308 66.901 66.412 31.445 21.328 27.455 68.150 27.407 29.365 76.473 70.874 16.700 88.203 20.068 36.379 74.988 81.802 30.235
 31.532 61.997 42.876 43.145 83.087 30.601 78.472 25.823 39.135 55.830 11.312 36.577 57.173 36.153 30.028 85.073 72.957 29.952 22.189 30.807 31.532 61.997 42.876 43.145 83.087 30.601 78.472 25.823 39.135 55.830 11.312 36.577 57.173 36.153 30.028 85.073 72.957 29.952 22.189 30.807
 29.115 47.494 73.813 64.639 63.151 53.853 29.332 63.334 60.897 53.962 65.005 73.880 42.177 65.350 74.254 42.234 55.229 71.115 52.145 64.472 29.115 47.494 73.813 64.639 63.151 53.853 29.332 63.334 60.897 53.962 65.005 73.880 42.177 65.350 74.254 42.234 55.229 71.115 52.145 64.472
 50.782 75.967 81.763 17.524 80.825 50.977 21.304 13.639 71.562 72.211 20.226 23.163 37.642 83.462 53.577 56.304 37.194 78.284 40.242 32.100 50.782 75.967 81.763 17.524 80.825 50.977 21.304 13.639 71.562 72.211 20.226 23.163 37.642 83.462 53.577 56.304 37.194 78.284 40.242 32.100
 25.657 27.708 42.982 66.094 28.971 12.488 82.395 25.327 51.438 87.807 33.713 31.981 41.542 86.008 75.213 47.473 28.215 27.357 30.614 36.867 25.657 27.708 42.982 66.094 28.971 12.488 82.395 25.327 51.438 87.807 33.713 31.981 41.542 86.008 75.213 47.473 28.215 27.357 30.614 36.867
 48.361 39.052 68.522 60.430 62.760 55.520 29.839 57.099 66.740 63.962 42.641 41.633 21.627 68.071 30.761 70.838 45.174 50.527 30.806 63.564 48.361 39.052 68.522 60.430 62.760 55.520 29.839 57.099 66.740 63.962 42.641 41.633 21.627 68.071 30.761 70.838 45.174 50.527 30.806 63.564
 50.788 32.356 34.036 60.412 60.075 48.437 67.319 53.892 35.009 48.494 50.699 75.323 34.875 45.213 28.603 34.056 52.887 49.264 31.136 34.967 50.788 32.356 34.036 60.412 60.075 48.437 67.319 53.892 35.009 48.494 50.699 75.323 34.875 45.213 28.603 34.056 52.887 49.264 31.136 34.967
 56.505 84.785 86.770 65.046 33.105 53.688 44.494 25.064 71.178 12.211 66.786 56.633 18.466 75.073 33.143 65.353 28.999 16.543 40.361 69.707 56.505 84.785 86.770 65.046 33.105 53.688 44.494 25.064 71.178 12.211 66.786 56.633 18.466 75.073 33.143 65.353 28.999 16.543 40.361 69.707
 77.921 44.688 33.882 26.557 60.475 79.527 64.561 78.350 12.529 59.988 85.148 73.949 55.655 26.227 75.755 76.617 41.994 40.404 32.897 60.757 77.921 44.688 33.882 26.557 60.475 79.527 64.561 78.350 12.529 59.988 85.148 73.949 55.655 26.227 75.755 76.617 41.994 40.404 32.897 60.757
 89.008 62.649 65.799 20.918 46.586 89.288 38.118 86.257 30.756 66.621 37.329 78.704 38.866 34.245 44.378  9.293 69.694 48.183 82.467 71.462 89.008 62.649 65.799 20.918 46.586 89.288 38.118 86.257 30.756 66.621 37.329 78.704 38.866 34.245 44.378  9.293 69.694 48.183 82.467 71.462
 53.795 38.505 53.707 58.491 78.079 30.415 31.869 35.940 77.898 42.113 47.597 23.756 85.017 43.249 21.554 83.196 72.599 54.951 18.865 51.463 53.795 38.505 53.707 58.491 78.079 30.415 31.869 35.940 77.898 42.113 47.597 23.756 85.017 43.249 21.554 83.196 72.599 54.951 18.865 51.463
 22.392 60.226 20.303 54.620 12.613 75.490 21.433 26.871 68.939 82.680 11.105 45.082 56.487 19.747 54.889 48.114 27.352 42.289 62.375 69.972 22.392 60.226 20.303 54.620 12.613 75.490 21.433 26.871 68.939 82.680 11.105 45.082 56.487 19.747 54.889 48.114 27.352 42.289 62.375 69.972
 30.596 30.892 66.513 66.163 47.447 58.688 32.440 49.562 45.941 50.645 24.929 27.033 41.309 40.625 70.032 35.741 32.297 44.297 62.038 66.352 30.596 30.892 66.513 66.163 47.447 58.688 32.440 49.562 45.941 50.645 24.929 27.033 41.309 40.625 70.032 35.741 32.297 44.297 62.038 66.352
 72.010 53.590 35.669 22.567 20.654 16.667 74.162 51.021 71.587 20.790 15.656 62.243 29.463 31.504 85.747 87.724 17.465 83.011 83.244 19.502 72.010 53.590 35.669 22.567 20.654 16.667 74.162 51.021 71.587 20.790 15.656 62.243 29.463 31.504 85.747 87.724 17.465 83.011 83.244 19.502
 64.947 59.070 30.568 62.364 76.084 72.551 25.049 35.632 53.434 56.888 67.165 61.897 26.441 19.225 83.059 55.003 64.582 22.946 75.486 27.563 64.947 59.070 30.568 62.364 76.084 72.551 25.049 35.632 53.434 56.888 67.165 61.897 26.441 19.225 83.059 55.003 64.582 22.946 75.486 27.563
 55.259 30.224 39.313 70.380 69.947 51.639 68.150 33.502 66.266 65.452 30.254 68.292 61.020 50.445 70.632 49.438 59.162 53.577 37.453 69.101 55.259 30.224 39.313 70.380 69.947 51.639 68.150 33.502 66.266 65.452 30.254 68.292 61.020 50.445 70.632 49.438 59.162 53.577 37.453 69.101
 29.236 38.527 26.836 35.599 30.252 67.087 52.256 57.352 58.080 37.138 65.734 64.757 64.708 40.151 55.092 48.840 26.203 68.750 40.519 71.180 29.236 38.527 26.836 35.599 30.252 67.087 52.256 57.352 58.080 37.138 65.734 64.757 64.708 40.151 55.092 48.840 26.203 68.750 40.519 71.180
 38.038 52.809 27.307 28.819 60.975 49.415 37.727 30.967 47.517 30.887 34.552 34.021 50.085 23.873 12.635 71.481 55.368 21.361 15.043 64.346 38.038 52.809 27.307 28.819 60.975 49.415 37.727 30.967 47.517 30.887 34.552 34.021 50.085 23.873 12.635 71.481 55.368 21.361 15.043 64.346
 41.910 25.149 65.658 33.538 33.187 62.718 63.059 37.835 56.412 60.232 58.868 64.902 66.848 59.725 62.222 49.043 27.456 34.161 53.302 24.614 41.910 25.149 65.658 33.538 33.187 62.718 63.059 37.835 56.412 60.232 58.868 64.902 66.848 59.725 62.222 49.043 27.456 34.161 53.302 24.614
 61.748 72.840 36.164 63.396 31.468 41.427 59.680 69.110 33.393 39.474 57.420 67.892 54.390 70.659 47.732 48.504 73.107 68.977 41.162 66.557 61.748 72.840 36.164 63.396 31.468 41.427 59.680 69.110 33.393 39.474 57.420 67.892 54.390 70.659 47.732 48.504 73.107 68.977 41.162 66.557
 21.751 86.968 23.592 39.019 78.936 32.856 52.350 16.421 79.142 87.199 87.903 65.970 29.152 25.047 39.088 25.468 87.616 60.505 16.192 10.847 21.751 86.968 23.592 39.019 78.936 32.856 52.350 16.421 79.142 87.199 87.903 65.970 29.152 25.047 39.088 25.468 87.616 60.505 16.192 10.847
 22.882 74.816 48.377 48.081 60.575 71.261 48.880 39.331 69.115 34.919 22.478 79.648 42.956 83.041 66.979 54.364 12.975 19.590 71.658 54.459 22.882 74.816 48.377 48.081 60.575 71.261 48.880 39.331 69.115 34.919 22.478 79.648 42.956 83.041 66.979 54.364 12.975 19.590 71.658 54.459
 52.282 38.747 27.020 78.811 46.306 64.248 26.936 32.003 17.064 21.084 73.714 64.571 53.543 44.766 55.730 66.725 49.634 63.892 51.880 23.589 52.282 38.747 27.020 78.811 46.306 64.248 26.936 32.003 17.064 21.084 73.714 64.571 53.543 44.766 55.730 66.725 49.634 63.892 51.880 23.589
 50.188 30.603 81.577 68.899 34.476 57.976 67.116 61.460 38.675 73.796 40.231 54.203 73.054 27.031 49.427 30.150 87.779 71.462 51.053 47.926 50.188 30.603 81.577 68.899 34.476 57.976 67.116 61.460 38.675 73.796 40.231 54.203 73.054 27.031 49.427 30.150 87.779 71.462 51.053 47.926
 32.685 61.156 32.204 61.841 43.496 25.799 20.887 55.701 62.800 56.995 22.680 82.446 32.746 36.249 40.389 43.091 83.427 67.926 62.794 13.176 32.685 61.156 32.204 61.841 43.496 25.799 20.887 55.701 62.800 56.995 22.680 82.446 32.746 36.249 40.389 43.091 83.427 67.926 62.794 13.176
 58.151 66.552 67.195 39.389 74.264 27.288 52.723 52.308 56.734 35.501 49.740 54.342 61.371 69.114 28.488 32.672 63.252 32.321 52.034 24.775 58.151 66.552 67.195 39.389 74.264 27.288 52.723 52.308 56.734 35.501 49.740 54.342 61.371 69.114 28.488 32.672 63.252 32.321 52.034 24.775
 27.312 88.393 23.711 88.928 75.864 53.001 56.731 64.462 54.865 23.228 18.197 43.434 48.106 90.227 31.121 75.933 39.870 79.053 82.245 44.644 27.312 88.393 23.711 88.928 75.864 53.001 56.731 64.462 54.865 23.228 18.197 43.434 48.106 90.227 31.121 75.933 39.870 79.053 82.245 44.644
 65.575 78.602 75.323 40.190 37.479 38.811 62.762 14.701 59.245 66.032 23.951 25.382 53.221 66.865 60.314 60.430 16.027 72.667 31.673 69.180 65.575 78.602 75.323 40.190 37.479 38.811 62.762 14.701 59.245 66.032 23.951 25.382 53.221 66.865 60.314 60.430 16.027 72.667 31.673 69.180
 40.917 16.827 34.005 63.500 24.054  9.212 85.669 39.964 49.099 63.263 78.229 19.936 88.800 71.927 53.171 28.146 54.790 72.327 26.820 34.354 40.917 16.827 34.005 63.500 24.054  9.212 85.669 39.964 49.099 63.263 78.229 19.936 88.800 71.927 53.171 28.146 54.790 72.327 26.820 34.354
 46.160 69.468 40.746 46.599 57.372 70.415 64.419 30.257 57.602 28.792 57.648 44.869 64.197 66.652 72.841 36.513 67.888 41.493 30.015 38.031 46.160 69.468 40.746 46.599 57.372 70.415 64.419 30.257 57.602 28.792 57.648 44.869 64.197 66.652 72.841 36.513 67.888 41.493 30.015 38.031
 75.271 56.228 50.171 34.869 35.363 85.444 26.069 69.961 84.673 71.904 73.210 53.442 60.342 40.339 85.844 60.985 81.294 13.053 75.975 43.770 75.271 56.228 50.171 34.869 35.363 85.444 26.069 69.961 84.673 71.904 73.210 53.442 60.342 40.339 85.844 60.985 81.294 13.053 75.975 43.770
 43.377 27.176 85.140 18.655 84.536 18.499 34.790 29.374  9.396 21.963 21.448 62.538 64.582 54.497 39.677 65.424 35.094 72.080 14.902 45.167 43.377 27.176 85.140 18.655 84.536 18.499 34.790 29.374  9.396 21.963 21.448 62.538 64.582 54.497 39.677 65.424 35.094 72.080 14.902 45.167
 33.474 17.459  8.424 13.427 16.961 39.500 18.051 58.005 22.600 78.730 20.368 80.914  9.360 66.056 34.372 66.925 75.910 48.339 52.299 91.432 33.474 17.459  8.424 13.427 16.961 39.500 18.051 58.005 22.600 78.730 20.368 80.914  9.360 66.056 34.372 66.925 75.910 48.339 52.299 91.432
 80.525 52.838 56.183 30.477 36.310 45.397 55.320 51.600 75.767 46.451 69.587 55.823 57.764 49.740 25.736 76.268 52.183 44.776 68.118 50.291 80.525 52.838 56.183 30.477 36.310 45.397 55.320 51.600 75.767 46.451 69.587 55.823 57.764 49.740 25.736 76.268 52.183 44.776 68.118 50.291
 32.318 50.938 36.810 63.522 22.488 48.992 50.592 67.157 46.959 59.613 41.203 30.026 21.391 88.318 44.152 62.962 74.696 17.328 60.970 18.580 32.318 50.938 36.810 63.522 22.488 48.992 50.592 67.157 46.959 59.613 41.203 30.026 21.391 88.318 44.152 62.962 74.696 17.328 60.970 18.580
 67.744 72.359 70.830 77.083 13.635 63.952 68.777 38.902 40.763 70.928 84.472 68.142 50.636 44.828 44.156 31.276 35.336 39.369 52.912 90.020 67.744 72.359 70.830 77.083 13.635 63.952 68.777 38.902 40.763 70.928 84.472 68.142 50.636 44.828 44.156 31.276 35.336 39.369 52.912 90.020
 32.186 73.081 48.653 37.710 43.439 58.261 62.328 70.722 39.846 71.540 63.076 44.371 61.809 43.611 34.096 58.841 27.239 43.069 69.643 31.144 32.186 73.081 48.653 37.710 43.439 58.261 62.328 70.722 39.846 71.540 63.076 44.371 61.809 43.611 34.096 58.841 27.239 43.069 69.643 31.144
 55.570 26.406 40.005 40.270 82.884 65.954 28.827 68.189 11.740 66.286 75.707 51.496 43.934 80.634 84.395 81.165 73.948 64.193 58.473 21.131 55.570 26.406 40.005 40.270 82.884 65.954 28.827 68.189 11.740 66.286 75.707 51.496 43.934 80.634 84.395 81.165 73.948 64.193 58.473 21.131
 37.610 73.837 44.406 60.906 54.701 74.681 41.086 58.603 31.365 63.840 28.235 41.142 43.668 31.063 53.655 59.590 42.305 49.311 20.837 29.819 37.610 73.837 44.406 60.906 54.701 74.681 41.086 58.603 31.365 63.840 28.235 41.142 43.668 31.063 53.655 59.590 42.305 49.311 20.837 29.819
 55.569 77.705 46.178 44.907 12.748 16.018 29.779 46.922 47.810 87.218  8.670 11.812 10.134 17.397 20.534 28.884 11.632 46.310 17.378 89.804 55.569 77.705 46.178 44.907 12.748 16.018 29.779 46.922 47.810 87.218  8.670 11.812 10.134 17.397 20.534 28.884 11.632 46.310 17.378 89.804
 30.164 16.985 17.769 57.408 75.781 89.643 39.040 25.878 86.622 61.730 74.185 13.887 74.082 40.634 23.039 13.671 68.607 46.512 75.058 18.565 30.164 16.985 17.769 57.408 75.781 89.643 39.040 25.878 86.622 61.730 74.185 13.887 74.082 40.634 23.039 13.671 68.607 46.512 75.058 18.565
 43.934 31.473 90.399 86.979 49.411 51.917 32.660 75.791 76.836 53.106 19.441 87.204 52.387 71.770 36.981 19.962 16.834 12.998 25.054 10.896 43.934 31.473 90.399 86.979 49.411 51.917 32.660 75.791 76.836 53.106 19.441 87.204 52.387 71.770 36.981 19.962 16.834 12.998 25.054 10.896
 83.956 47.691 71.855 79.958 62.274 45.552 24.773 55.532 20.942 55.444 28.944 33.304 58.031 24.397 38.233 21.929 29.910 30.500 60.389 29.270 83.956 47.691 71.855 79.958 62.274 45.552 24.773 55.532 20.942 55.444 28.944 33.304 58.031 24.397 38.233 21.929 29.910 30.500 60.389 29.270
 55.442 72.028 45.009 83.027 40.648 67.355 62.534 15.531 17.660 49.109 14.647 75.973 35.684 69.333 27.513 24.693 56.578 23.492 64.845 60.427 55.442 72.028 45.009 83.027 40.648 67.355 62.534 15.531 17.660 49.109 14.647 75.973 35.684 69.333 27.513 24.693 56.578 23.492 64.845 60.427
 34.708 40.615 51.835 44.218 47.643 71.333 72.927 67.403 49.650 30.233 33.267 54.298 28.881 40.383 65.610 73.067 66.486 34.665 59.076 54.168 34.708 40.615 51.835 44.218 47.643 71.333 72.927 67.403 49.650 30.233 33.267 54.298 28.881 40.383 65.610 73.067 66.486 34.665 59.076 54.168
 32.403 26.610 60.069 77.507 19.824 41.138 66.828 61.822 49.145 20.614 82.297 26.548 48.421 19.571 57.072 70.463 74.182 73.462 19.675 23.891 32.403 26.610 60.069 77.507 19.824 41.138 66.828 61.822 49.145 20.614 82.297 26.548 48.421 19.571 57.072 70.463 74.182 73.462 19.675 23.891
 81.271 24.609 85.107 27.213 33.002 78.196 15.391 47.698 44.189 59.180 23.773 23.568 75.573 54.442 31.585 71.896 81.436 73.115 17.419 32.150 81.271 24.609 85.107 27.213 33.002 78.196 15.391 47.698 44.189 59.180 23.773 23.568 75.573 54.442 31.585 71.896 81.436 73.115 17.419 32.150
 32.089 76.785 35.072 61.027 77.532 27.110 43.442 60.889 55.272 76.623 62.702 40.752 76.803 33.020 44.529 19.101 17.832 46.067 25.674 67.639 32.089 76.785 35.072 61.027 77.532 27.110 43.442 60.889 55.272 76.623 62.702 40.752 76.803 33.020 44.529 19.101 17.832 46.067 25.674 67.639
 51.557 49.707 84.216 24.929 65.929 31.530 70.944 72.442 25.937 33.354 68.955 79.887 88.314 75.782 67.348 58.611 19.798 63.470 23.924 82.719 51.557 49.707 84.216 24.929 65.929 31.530 70.944 72.442 25.937 33.354 68.955 79.887 88.314 75.782 67.348 58.611 19.798 63.470 23.924 82.719
 78.971 30.438 28.108 34.742 22.361 86.248 83.485 28.217 44.136 84.793 19.505 37.143 71.198 74.288 17.114 25.801 42.957 73.442 72.451 33.305 78.971 30.438 28.108 34.742 22.361 86.248 83.485 28.217 44.136 84.793 19.505 37.143 71.198 74.288 17.114 25.801 42.957 73.442 72.451 33.305
 64.837 63.279 42.947 34.757 64.955 56.693 46.529 29.894 33.851 59.562 59.380 29.160 50.162 66.174 63.580 50.788 34.328 24.147 76.511 61.900 64.837 63.279 42.947 34.757 64.955 56.693 46.529 29.894 33.851 59.562 59.380 29.160 50.162 66.174 63.580 50.788 34.328 24.147 76.511 61.900
 48.585 13.807 88.361 60.198 66.226 74.939 60.884 76.296 66.928 61.018 69.627 80.995 10.177 18.192 67.788 22.912 40.998 49.316 44.268 23.328 48.585 13.807 88.361 60.198 66.226 74.939 60.884 76.296 66.928 61.018 69.627 80.995 10.177 18.192 67.788 22.912 40.998 49.316 44.268 23.328
 18.304 43.726 13.330 90.364 72.579 89.609 62.968 56.613 44.947 35.906 14.450 29.724 86.279 70.964 42.953 60.412 31.255 65.770 86.854 46.288 18.304 43.726 13.330 90.364 72.579 89.609 62.968 56.613 44.947 35.906 14.450 29.724 86.279 70.964 42.953 60.412 31.255 65.770 86.854 46.288
 19.333 10.525  9.936 68.111 83.973 81.847 15.243 64.310 81.118 73.697 46.518 60.722 57.337 61.691 67.277 65.684 89.283 49.804 70.272 11.072 19.333 10.525  9.936 68.111 83.973 81.847 15.243 64.310 81.118 73.697 46.518 60.722 57.337 61.691 67.277 65.684 89.283 49.804 70.272 11.072
 72.165 82.724 21.918 27.584 48.299 81.771 73.928 73.331 33.134 39.518 61.179 68.246 77.626 22.259 90.508 28.070 75.797 26.552 63.790 24.260 72.165 82.724 21.918 27.584 48.299 81.771 73.928 73.331 33.134 39.518 61.179 68.246 77.626 22.259 90.508 28.070 75.797 26.552 63.790 24.260
 64.727 80.509 63.510 68.438 44.854 46.786 64.492 23.690 44.258 13.061 47.852 76.610 82.812 16.683 30.764 65.234 49.225 42.738 14.622 44.557 64.727 80.509 63.510 68.438 44.854 46.786 64.492 23.690 44.258 13.061 47.852 76.610 82.812 16.683 30.764 65.234 49.225 42.738 14.622 44.557
 83.763 33.045 51.330 38.657 21.917 78.561 83.481 36.949 56.689 38.782 34.472 39.693 36.040 65.296 52.004 82.073 52.067 81.160 19.935 34.418 83.763 33.045 51.330 38.657 21.917 78.561 83.481 36.949 56.689 38.782 34.472 39.693 36.040 65.296 52.004 82.073 52.067 81.160 19.935 34.418
 46.277 51.371 57.130 37.533 40.802 61.630 31.084 28.253 70.876 28.642 37.726 47.228 42.901 28.537 35.402 34.822 70.323 69.390 67.065 61.201 46.277 51.371 57.130 37.533 40.802 61.630 31.084 28.253 70.876 28.642 37.726 47.228 42.901 28.537 35.402 34.822 70.323 69.390 67.065 61.201
 68.251 26.591 85.620 50.205 51.848 19.666 34.015 53.727 20.530 32.576 23.644 79.464 83.073 20.836 19.309 23.662 32.870 57.508 22.468 26.778 68.251 26.591 85.620 50.205 51.848 19.666 34.015 53.727 20.530 32.576 23.644 79.464 83.073 20.836 19.309 23.662 32.870 57.508 22.468 26.778
 54.701 52.896 72.452 47.609 64.680 28.215 27.850 26.149 46.860 61.832 64.353 65.254 49.586 28.639 68.377 76.512 58.574 50.728 47.856 50.898 54.701 52.896 72.452 47.609 64.680 28.215 27.850 26.149 46.860 61.832 64.353 65.254 49.586 28.639 68.377 76.512 58.574 50.728 47.856 50.898
 63.509 31.592 34.661 42.140 44.604 38.202 30.832 30.443 54.983 74.498 66.861 67.140 63.189 70.294 25.442 44.258 55.159 54.997 45.468 61.061 63.509 31.592 34.661 42.140 44.604 38.202 30.832 30.443 54.983 74.498 66.861 67.140 63.189 70.294 25.442 44.258 55.159 54.997 45.468 61.061


>> Numero de elementos de cada cluster y densidad del cluster

   1689  37.303 
   1724  42.766 
   4356  90.598 
    395  216.516 
   1652  31.707 
    352  215.525 
    358  216.995 
    347  214.406 
   1677  35.116 
   1707  39.653 
   4448  112.100 
    423  219.581 
    374  215.976 
   1667  33.825 
   1690  37.707 
    343  215.008 
  10083  36.226 
   5971  112.116 
   1711  40.623 
   3358  125.587 
   1776  49.369 
   3414  88.809 
   3396  122.415 
   1726  42.330 
   1653  32.037 
    380  215.910 
   4316  81.194 
   5056  136.015 
   2714  40.991 
   1745  44.743 
    380  216.432 
   2771  45.699 
   2791  47.799 
   1718  41.392 
   1699  38.954 
   1651  31.921 
   1650  31.607 
    358  214.763 
   2708  40.839 
   1697  38.413 
   1746  45.096 
    316  214.093 
   2690  38.859 
   2692  39.368 
    346  214.847 
   5145  132.497 
   2727  42.337 
   1753  45.803 
   1692  37.427 
   3359  100.891 
   1727  42.208 
    354  217.153 
   1663  33.376 
   3336  123.066 
    374  215.711 
    368  216.671 
   2799  48.131 
    404  216.837 
    390  218.484 
   1635  29.284 
   4354  78.036 
   7029  131.612 
   5002  124.875 
   2750  44.034 
    387  216.690 
   1698  38.691 
   4374  94.242 
   1712  40.656 
    387  213.911 
   1691  37.788 
   1687  37.002 
   1643  30.392 
   3543  108.068 
   1809  53.261 
   3378  127.532 
    375  214.888 
   4329  105.857 
    365  214.798 
   1636  29.224 
   1655  32.375 
   1672  34.844 
   2763  45.462 
   1773  48.753 
    407  213.512 
   3342  102.424 
   1689  37.058 
   4388  107.294 
   3309  99.864 
   2688  38.581 
    364  215.144 
   1719  42.093 
   1682  36.071 
   1662  33.435 
   1669  33.810 
   2748  43.689 
   2729  42.215 
    362  214.154 
   2672  37.217 
    372  215.921 
    386  214.327 


>> Analisis de enfermedades en los grupos

Enfermedad:  0 - max: 0.53 (grupo 89) - min: 0.48 (grupo 58)
Enfermedad:  1 - max: 0.43 (grupo 11) - min: 0.37 (grupo  5)
Enfermedad:  2 - max: 0.70 (grupo 51) - min: 0.65 (grupo  5)
Enfermedad:  3 - max: 0.27 (grupo 41) - min: 0.23 (grupo  3)
Enfermedad:  4 - max: 0.84 (grupo  6) - min: 0.80 (grupo 44)
Enfermedad:  5 - max: 0.15 (grupo 55) - min: 0.11 (grupo 98)
Enfermedad:  6 - max: 0.53 (grupo  5) - min: 0.46 (grupo 64)
Enfermedad:  7 - max: 0.42 (grupo 68) - min: 0.37 (grupo 89)
Enfermedad:  8 - max: 0.71 (grupo 68) - min: 0.65 (grupo  7)
Enfermedad:  9 - max: 0.26 (grupo 11) - min: 0.20 (grupo  7)
Enfermedad: 10 - max: 0.84 (grupo 98) - min: 0.80 (grupo  5)
Enfermedad: 11 - max: 0.14 (grupo  3) - min: 0.11 (grupo  5)
Enfermedad: 12 - max: 0.53 (grupo 44) - min: 0.47 (grupo 68)
Enfermedad: 13 - max: 0.45 (grupo  5) - min: 0.37 (grupo 55)
Enfermedad: 14 - max: 0.70 (grupo 75) - min: 0.63 (grupo  6)
Enfermedad: 15 - max: 0.26 (grupo  7) - min: 0.21 (grupo 83)
Enfermedad: 16 - max: 0.84 (grupo 30) - min: 0.79 (grupo 64)
Enfermedad: 17 - max: 0.14 (grupo 37) - min: 0.11 (grupo 99)
Enfermedad: 18 - max: 0.52 (grupo 37) - min: 0.47 (grupo  5)
Enfermedad: 19 - max: 0.43 (grupo 98) - min: 0.37 (grupo 68)
