>> Centroides de los clusters

 24.830 63.940 92.650 97.140 30.310  9.560 35.240 86.280  5.110 78.890 67.610 10.030 16.970 50.080 99.800 60.600 36.100 48.790 76.630 10.840 24.830 63.940 92.650 97.140 30.310  9.560 35.240 86.280  5.110 78.890 67.610 10.030 16.970 50.080 99.800 60.600 36.100 48.790 76.630 10.840
 70.040 12.600 13.430 21.240 31.840 95.180 93.060 20.140  5.640 29.270 75.960 30.470 93.220 32.130 91.130 87.050  5.220 26.370 73.330 73.850 70.040 12.600 13.430 21.240 31.840 95.180 93.060 20.140  5.640 29.270 75.960 30.470 93.220 32.130 91.130 87.050  5.220 26.370 73.330 73.850
 45.428 29.843 28.497 19.843 76.486 34.348 21.306 89.555 38.026 38.188 89.454 63.144 12.614 80.114 24.114 86.960 50.643 37.234 76.100 74.302 45.428 29.843 28.497 19.843 76.486 34.348 21.306 89.555 38.026 38.188 89.454 63.144 12.614 80.114 24.114 86.960 50.643 37.234 76.100 74.302
 36.660 81.140 36.790 93.400 13.280 27.930 80.450 18.500 17.820 17.300 55.870 86.610 21.760  3.270 99.410 39.830 14.000 72.820 94.010 73.530 36.660 81.140 36.790 93.400 13.280 27.930 80.450 18.500 17.820 17.300 55.870 86.610 21.760  3.270 99.410 39.830 14.000 72.820 94.010 73.530
  7.692 52.140 43.650 81.410  4.518 17.645 41.995 49.720 19.370 42.000 23.543 65.775 55.450  1.737 13.696 46.592 17.140 56.300 94.520 82.855  7.692 52.140 43.650 81.410  4.518 17.645 41.995 49.720 19.370 42.000 23.543 65.775 55.450  1.737 13.696 46.592 17.140 56.300 94.520 82.855
  6.690  8.030 13.650 91.980 11.310 13.060 31.810 25.310 85.880 25.820 62.360 72.260 48.370 65.460 84.790 85.860 46.400 55.330 24.020 98.240  6.690  8.030 13.650 91.980 11.310 13.060 31.810 25.310 85.880 25.820 62.360 72.260 48.370 65.460 84.790 85.860 46.400 55.330 24.020 98.240
 31.050  4.990 50.270 87.910 22.750 95.690 21.580 68.440 85.090 73.740 95.470 55.300 45.300  9.120 10.800 20.130 85.710  6.140  8.960 71.590 31.050  4.990 50.270 87.910 22.750 95.690 21.580 68.440 85.090 73.740 95.470 55.300 45.300  9.120 10.800 20.130 85.710  6.140  8.960 71.590
 95.480 71.330  7.370 43.860  0.310 92.170 93.240 46.710 11.020 17.260  8.470  5.590 22.250 58.740 57.020  8.520 17.960 78.600 40.480 66.570 95.480 71.330  7.370 43.860  0.310 92.170 93.240 46.710 11.020 17.260  8.470  5.590 22.250 58.740 57.020  8.520 17.960 78.600 40.480 66.570
 15.870 35.960 85.390 61.170  8.600 96.200 44.820 94.310  2.340 53.780 29.430 97.820 88.630 36.800  5.200 88.940 92.490 98.440 99.170  3.510 15.870 35.960 85.390 61.170  8.600 96.200 44.820 94.310  2.340 53.780 29.430 97.820 88.630 36.800  5.200 88.940 92.490 98.440 99.170  3.510
 19.705 75.785 85.225  9.543 67.260  8.757 83.195 64.700 63.245 22.130 67.355 71.300 30.775 67.115 34.195 11.680 17.340 14.185 56.410 79.015 19.705 75.785 85.225  9.543 67.260  8.757 83.195 64.700 63.245 22.130 67.355 71.300 30.775 67.115 34.195 11.680 17.340 14.185 56.410 79.015
 64.677 78.368 62.231 69.495 43.266 44.893 62.741 22.437 44.628 12.227 45.849 75.823 82.851 15.845 31.316 65.993 47.582 41.728 17.986 47.100 64.677 78.368 62.231 69.495 43.266 44.893 62.741 22.437 44.628 12.227 45.849 75.823 82.851 15.845 31.316 65.993 47.582 41.728 17.986 47.100
 85.710 68.700 30.910 99.210 95.580  6.770 84.830 82.180 63.920 64.760 71.120 38.380 74.130 21.400 65.000 47.340 40.410 80.560 49.520 94.350 85.710 68.700 30.910 99.210 95.580  6.770 84.830 82.180 63.920 64.760 71.120 38.380 74.130 21.400 65.000 47.340 40.410 80.560 49.520 94.350
 95.290 18.740 27.510 81.200 24.110 25.680 60.540 95.600 97.380 87.750  2.390 83.100 19.970 33.310 82.310 15.550  3.600 67.140 97.730 67.520 95.290 18.740 27.510 81.200 24.110 25.680 60.540 95.600 97.380 87.750  2.390 83.100 19.970 33.310 82.310 15.550  3.600 67.140 97.730 67.520
 95.420 32.370 69.430 69.550 17.300 97.950 16.890 57.710 78.510 29.940 15.580 73.800 12.200  6.620 18.520 36.310 32.300 79.060 31.920 29.690 95.420 32.370 69.430 69.550 17.300 97.950 16.890 57.710 78.510 29.940 15.580 73.800 12.200  6.620 18.520 36.310 32.300 79.060 31.920 29.690
 30.340 97.830 12.790 50.310 94.660 58.620 65.870 98.260 89.280 27.120 65.790 84.700 59.500 98.740 17.780 76.800 96.690 98.190 98.030 75.200 30.340 97.830 12.790 50.310 94.660 58.620 65.870 98.260 89.280 27.120 65.790 84.700 59.500 98.740 17.780 76.800 96.690 98.190 98.030 75.200
 75.055 38.020 36.635 12.595 28.365 71.060 23.790 19.605 58.270 15.788 37.475 69.300 48.750 21.305 87.990 22.465 86.380 77.405 84.430 38.015 75.055 38.020 36.635 12.595 28.365 71.060 23.790 19.605 58.270 15.788 37.475 69.300 48.750 21.305 87.990 22.465 86.380 77.405 84.430 38.015
 39.735 79.235 37.417 13.703 45.782 84.331 38.430 74.195 85.654 78.372 84.580 63.537 54.999 40.570 88.210 82.249 63.686 30.888 69.070 59.898 39.735 79.235 37.417 13.703 45.782 84.331 38.430 74.195 85.654 78.372 84.580 63.537 54.999 40.570 88.210 82.249 63.686 30.888 69.070 59.898
 65.163 88.238 13.560 15.753 43.786 27.164 27.538 51.639 18.998 18.900 16.846 20.565 27.890 67.496  8.093 56.301 46.679 89.492 57.250 23.484 65.163 88.238 13.560 15.753 43.786 27.164 27.538 51.639 18.998 18.900 16.846 20.565 27.890 67.496  8.093 56.301 46.679 89.492 57.250 23.484
 57.550  6.730 89.920  6.870 36.140 46.640 39.950 23.630 43.530 89.090 21.240 39.560 47.510 86.350 69.040 64.480 42.220 53.680 89.170 81.780 57.550  6.730 89.920  6.870 36.140 46.640 39.950 23.630 43.530 89.090 21.240 39.560 47.510 86.350 69.040 64.480 42.220 53.680 89.170 81.780
 83.160 18.772 62.980 73.047 66.477 38.963 61.527 40.654 69.477 35.667 28.460 29.656 40.459 85.477 44.100 27.326 25.830 38.264 67.787 17.945 83.160 18.772 62.980 73.047 66.477 38.963 61.527 40.654 69.477 35.667 28.460 29.656 40.459 85.477 44.100 27.326 25.830 38.264 67.787 17.945
 24.620 33.030 78.590 72.480  1.185  5.961 61.570 72.170 37.440 75.520 46.120 59.580 95.640 79.020 15.280 48.600 34.320 83.000 21.730 63.650 24.620 33.030 78.590 72.480  1.185  5.961 61.570 72.170 37.440 75.520 46.120 59.580 95.640 79.020 15.280 48.600 34.320 83.000 21.730 63.650
 13.390 19.890 83.820 43.630  0.510 67.540 73.540 27.780 91.200 27.080 62.100  3.960  1.860 72.460 64.240 26.520 78.910 16.030 93.400 75.520 13.390 19.890 83.820 43.630  0.510 67.540 73.540 27.780 91.200 27.080 62.100  3.960  1.860 72.460 64.240 26.520 78.910 16.030 93.400 75.520
 30.876 32.780 70.107 13.620 91.020 27.350 38.248 29.915 13.153 70.428 12.275 46.554 21.214 54.938 33.698 27.663  8.532 82.936 26.290 30.632 30.876 32.780 70.107 13.620 91.020 27.350 38.248 29.915 13.153 70.428 12.275 46.554 21.214 54.938 33.698 27.663  8.532 82.936 26.290 30.632
 85.220 77.920 26.300 50.600 13.900 54.060 77.120 92.820 33.610 34.040 31.860 90.610  3.140 95.730 62.960 43.600  6.390 74.370 25.830 70.440 85.220 77.920 26.300 50.600 13.900 54.060 77.120 92.820 33.610 34.040 31.860 90.610  3.140 95.730 62.960 43.600  6.390 74.370 25.830 70.440
 80.161 30.652 28.411 35.923 20.301 87.465 82.797 27.661 44.170 85.715 17.853 37.272 71.208 74.283 15.880 26.211 42.254 74.511 72.762 33.670 80.161 30.652 28.411 35.923 20.301 87.465 82.797 27.661 44.170 85.715 17.853 37.272 71.208 74.283 15.880 26.211 42.254 74.511 72.762 33.670
 91.700 49.900 54.280 58.370  9.160 17.240  1.970 79.070 55.140 91.320 49.510 33.630 96.920 24.440 99.640  2.580 83.970 53.700  2.900 65.160 91.700 49.900 54.280 58.370  9.160 17.240  1.970 79.070 55.140 91.320 49.510 33.630 96.920 24.440 99.640  2.580 83.970 53.700  2.900 65.160
 27.879 85.412 25.899 31.880 69.531 43.446 50.469 28.083 81.801 85.471 90.327 65.577 37.073 28.215 53.511 39.834 82.286 53.779 29.984 22.421 27.879 85.412 25.899 31.880 69.531 43.446 50.469 28.083 81.801 85.471 90.327 65.577 37.073 28.215 53.511 39.834 82.286 53.779 29.984 22.421
 16.799 79.872 85.108  9.416 69.735  7.917 82.381 67.217 64.593 25.145 68.663 69.262 28.142 68.594 34.313 12.207 20.151 13.471 54.626 76.957 16.799 79.872 85.108  9.416 69.735  7.917 82.381 67.217 64.593 25.145 68.663 69.262 28.142 68.594 34.313 12.207 20.151 13.471 54.626 76.957
 40.833 59.476 87.974 36.083 12.518 41.908 37.847 29.000 32.024 69.848 74.533 67.069 10.908 38.851 35.695  9.085 61.618 42.150 20.374 15.191 40.833 59.476 87.974 36.083 12.518 41.908 37.847 29.000 32.024 69.848 74.533 67.069 10.908 38.851 35.695  9.085 61.618 42.150 20.374 15.191
  3.598 78.250 50.310 92.560 34.220 44.430 77.780 49.030 57.590 48.650  3.151 73.600 18.940  9.010 50.540 93.100 53.080 82.400 83.750  8.000  3.598 78.250 50.310 92.560 34.220 44.430 77.780 49.030 57.590 48.650  3.151 73.600 18.940  9.010 50.540 93.100 53.080 82.400 83.750  8.000
 79.080 52.860 88.710 56.330 93.260 81.820 17.750 72.360 11.390 88.880 54.020  9.800 27.680 10.820 18.920  3.402 57.070 83.640 73.300 82.760 79.080 52.860 88.710 56.330 93.260 81.820 17.750 72.360 11.390 88.880 54.020  9.800 27.680 10.820 18.920  3.402 57.070 83.640 73.300 82.760
 39.353 78.723 40.757 40.410 78.015 49.484 31.712 25.167 80.408 62.127 61.140 73.555 64.518 38.616 49.772 31.636 52.823 39.965 63.737 32.454 39.353 78.723 40.757 40.410 78.015 49.484 31.712 25.167 80.408 62.127 61.140 73.555 64.518 38.616 49.772 31.636 52.823 39.965 63.737 32.454
 80.686 40.356 33.739 41.358 83.486 18.832 58.166 42.109 80.019 38.238 67.367 35.392 30.006 32.192 32.105 36.226 29.272 50.753 15.892 47.799 80.686 40.356 33.739 41.358 83.486 18.832 58.166 42.109 80.019 38.238 67.367 35.392 30.006 32.192 32.105 36.226 29.272 50.753 15.892 47.799
 44.420 86.700 38.450  5.518 34.240  7.811 30.910 56.570 96.410 89.220 80.640 40.690 87.420 45.820 57.470 51.830 33.880 75.360 87.930 95.670 44.420 86.700 38.450  5.518 34.240  7.811 30.910 56.570 96.410 89.220 80.640 40.690 87.420 45.820 57.470 51.830 33.880 75.360 87.930 95.670
 29.505 76.073 56.657 50.500 49.476 65.047 59.663 75.763 19.362 55.917 58.477 28.617 16.289 45.497 41.613  8.712 47.100 76.270 17.164 75.037 29.505 76.073 56.657 50.500 49.476 65.047 59.663 75.763 19.362 55.917 58.477 28.617 16.289 45.497 41.613  8.712 47.100 76.270 17.164 75.037
 15.429 82.421 74.880 84.224 18.850 40.269 82.993 57.607 58.383 78.788 22.270 21.545 65.724 57.307 29.998 10.128 83.383 75.003 74.227 88.588 15.429 82.421 74.880 84.224 18.850 40.269 82.993 57.607 58.383 78.788 22.270 21.545 65.724 57.307 29.998 10.128 83.383 75.003 74.227 88.588
 49.618 84.788 56.987 15.140 31.816 82.840 49.906 87.522 40.420 72.871 43.592 85.663 79.526 26.949 76.474 30.568 32.870 10.084 52.066 90.918 49.618 84.788 56.987 15.140 31.816 82.840 49.906 87.522 40.420 72.871 43.592 85.663 79.526 26.949 76.474 30.568 32.870 10.084 52.066 90.918
 93.070  6.101 41.490 51.670 57.480 28.340 69.570 13.520 26.710 75.580 89.480 72.960 38.610 57.300 94.720 44.940 62.890 93.990 98.080 49.990 93.070  6.101 41.490 51.670 57.480 28.340 69.570 13.520 26.710 75.580 89.480 72.960 38.610 57.300 94.720 44.940 62.890 93.990 98.080 49.990
 15.046 50.836 55.792 84.739 85.476 16.593 56.270 43.813 74.243 67.549 73.883 20.172 72.026 30.890 65.984 89.507 64.179 36.741 84.728 44.541 15.046 50.836 55.792 84.739 85.476 16.593 56.270 43.813 74.243 67.549 73.883 20.172 72.026 30.890 65.984 89.507 64.179 36.741 84.728 44.541
 89.300 91.030 99.050 23.820 80.110 25.210 58.190 62.340 77.330 93.040 12.520 83.650 86.170  9.510 68.930 31.920 31.750 88.590 81.530 44.850 89.300 91.030 99.050 23.820 80.110 25.210 58.190 62.340 77.330 93.040 12.520 83.650 86.170  9.510 68.930 31.920 31.750 88.590 81.530 44.850
 31.240 62.704 43.754 43.014 84.281 30.668 78.878 26.108 39.942 55.050 11.399 35.662 58.118 35.274 29.129 85.531 73.356 28.844 21.518 31.397 31.240 62.704 43.754 43.014 84.281 30.668 78.878 26.108 39.942 55.050 11.399 35.662 58.118 35.274 29.129 85.531 73.356 28.844 21.518 31.397
 27.833 49.393 72.750 79.530 75.303 78.020 20.364 56.250 87.093 62.627 38.047 51.475 28.870  9.503 77.703 45.833 80.220 66.997 27.383 63.427 27.833 49.393 72.750 79.530 75.303 78.020 20.364 56.250 87.093 62.627 38.047 51.475 28.870  9.503 77.703 45.833 80.220 66.997 27.383 63.427
 34.600 39.560 38.230 26.230 37.250 94.190 83.480  6.398 36.090 79.190  8.204 26.330 19.770 58.740 86.680 48.000 44.060 30.600 14.470 20.620 34.600 39.560 38.230 26.230 37.250 94.190 83.480  6.398 36.090 79.190  8.204 26.330 19.770 58.740 86.680 48.000 44.060 30.600 14.470 20.620
 63.895 20.781 52.995 50.458 13.099 22.847 34.133 27.619 57.317 72.603 53.285 65.442 69.412 66.908 80.095 66.732 46.063 66.415 32.615 10.098 63.895 20.781 52.995 50.458 13.099 22.847 34.133 27.619 57.317 72.603 53.285 65.442 69.412 66.908 80.095 66.732 46.063 66.415 32.615 10.098
 56.946 85.325 87.611 65.686 33.845 52.364 45.107 24.447 71.386 11.952 66.536 58.045 17.613 73.982 32.074 65.862 29.045 15.406 41.737 70.064 56.946 85.325 87.611 65.686 33.845 52.364 45.107 24.447 71.386 11.952 66.536 58.045 17.613 73.982 32.074 65.862 29.045 15.406 41.737 70.064
 50.219 32.642 34.444 60.442 59.902 48.273 67.078 53.659 34.705 48.519 50.239 75.768 35.481 45.157 28.974 34.247 52.514 49.483 31.641 34.741 50.219 32.642 34.444 60.442 59.902 48.273 67.078 53.659 34.705 48.519 50.239 75.768 35.481 45.157 28.974 34.247 52.514 49.483 31.641 34.741
  5.959 86.890 70.990 79.250 84.820  4.483 40.080 62.450 80.820  5.534 95.610 56.090 67.300 77.700  6.741 53.860 50.760 47.690 56.150 43.860  5.959 86.890 70.990 79.250 84.820  4.483 40.080 62.450 80.820  5.534 95.610 56.090 67.300 77.700  6.741 53.860 50.760 47.690 56.150 43.860
 78.407 44.724 34.354 26.382 59.916 79.278 64.830 79.152 12.202 59.566 86.057 74.338 55.573 24.990 76.783 77.422 42.394 40.069 32.566 60.632 78.407 44.724 34.354 26.382 59.916 79.278 64.830 79.152 12.202 59.566 86.057 74.338 55.573 24.990 76.783 77.422 42.394 40.069 32.566 60.632
 63.545 23.425 65.850  9.823 80.170 76.915 69.955 83.830 34.965 72.675 10.658 17.979 37.810 39.250  2.672 57.075 71.865 42.470 75.950 52.155 63.545 23.425 65.850  9.823 80.170 76.915 69.955 83.830 34.965 72.675 10.658 17.979 37.810 39.250  2.672 57.075 71.865 42.470 75.950 52.155
 57.694 23.452 53.891 35.839 72.294 14.130 26.026 27.693 65.358 64.083 52.984 10.903 82.264 27.732  8.563 82.284 64.060 52.015 19.123 23.060 57.694 23.452 53.891 35.839 72.294 14.130 26.026 27.693 65.358 64.083 52.984 10.903 82.264 27.732  8.563 82.284 64.060 52.015 19.123 23.060
 43.800 26.730  3.909 68.240 34.400 81.160 90.130 88.160 93.680 69.410 86.790 74.220 69.870 57.970 89.080 23.020 36.190 56.270 71.350 47.910 43.800 26.730  3.909 68.240 34.400 81.160 90.130 88.160 93.680 69.410 86.790 74.220 69.870 57.970 89.080 23.020 36.190 56.270 71.350 47.910
 57.000 22.100 63.280 42.430 34.240 71.710 60.270 25.200 16.850 27.840 11.090  4.610  6.390 81.670 94.660  3.950 21.610 75.160 72.700 80.700 57.000 22.100 63.280 42.430 34.240 71.710 60.270 25.200 16.850 27.840 11.090  4.610  6.390 81.670 94.660  3.950 21.610 75.160 72.700 80.700
 25.251 27.717 43.220 65.330 29.360 11.044 83.367 26.765 50.531 88.545 33.961 31.663 42.325 86.737 75.247 48.125 28.327 26.793 30.135 37.691 25.251 27.717 43.220 65.330 29.360 11.044 83.367 26.765 50.531 88.545 33.961 31.663 42.325 86.737 75.247 48.125 28.327 26.793 30.135 37.691
 64.024 59.575 30.452 63.682 75.310 71.756 25.284 36.944 53.259 57.769 67.294 61.575 27.334 18.745 83.200 54.852 65.255 22.525 75.562 26.951 64.024 59.575 30.452 63.682 75.310 71.756 25.284 36.944 53.259 57.769 67.294 61.575 27.334 18.745 83.200 54.852 65.255 22.525 75.562 26.951
 76.660 63.370  6.810 33.670 97.190 93.660 88.450  2.730 67.830 68.430 25.110 69.830 86.540 15.630 78.230 86.330 64.330 54.090  7.730 88.200 76.660 63.370  6.810 33.670 97.190 93.660 88.450  2.730 67.830 68.430 25.110 69.830 86.540 15.630 78.230 86.330 64.330 54.090  7.730 88.200
 72.990 53.052 44.489 20.397 24.904 47.036 26.387 88.970 48.672 15.667 72.452 51.348 76.624 41.390 46.608 62.190 78.734 71.652 63.684 67.676 72.990 53.052 44.489 20.397 24.904 47.036 26.387 88.970 48.672 15.667 72.452 51.348 76.624 41.390 46.608 62.190 78.734 71.652 63.684 67.676
 40.939 52.443 28.966 31.216 62.003 52.570 36.597 31.587 44.969 31.831 33.628 33.023 47.680 25.162 11.356 73.315 56.293 19.883 14.713 61.704 40.939 52.443 28.966 31.216 62.003 52.570 36.597 31.587 44.969 31.831 33.628 33.023 47.680 25.162 11.356 73.315 56.293 19.883 14.713 61.704
 52.180 76.980 61.670 19.630 65.170 36.200 66.490  2.796 57.210 69.850 43.040 43.010 67.980 87.850 84.240 15.290 18.970 24.480  0.176 49.140 52.180 76.980 61.670 19.630 65.170 36.200 66.490  2.796 57.210 69.850 43.040 43.010 67.980 87.850 84.240 15.290 18.970 24.480  0.176 49.140
 93.320 95.150  9.190 52.660 34.130 17.260 14.260 51.910 41.010 16.600 90.260 73.270 22.070 89.360 40.920 37.470 82.890 77.640 19.990 59.290 93.320 95.150  9.190 52.660 34.130 17.260 14.260 51.910 41.010 16.600 90.260 73.270 22.070 89.360 40.920 37.470 82.890 77.640 19.990 59.290
 22.710 86.984 22.917 38.666 78.471 31.475 52.617 16.115 79.300 87.789 88.470 66.523 28.799 24.436 40.091 25.124 88.156 60.358 16.678  9.733 22.710 86.984 22.917 38.666 78.471 31.475 52.617 16.115 79.300 87.789 88.470 66.523 28.799 24.436 40.091 25.124 88.156 60.358 16.678  9.733
 21.980 64.463 42.784 42.024 64.582 86.047 53.758 47.160 70.717 42.746 10.827 78.195 50.607 83.663 58.710 61.932 12.722 28.745 83.150 54.630 21.980 64.463 42.784 42.024 64.582 86.047 53.758 47.160 70.717 42.746 10.827 78.195 50.607 83.663 58.710 61.932 12.722 28.745 83.150 54.630
 52.591 23.597 24.894 76.578 49.104 61.312 31.892 25.953 14.558 22.887 70.047 59.916 47.773 46.823 70.650 64.099 61.033 67.735 40.983 17.578 52.591 23.597 24.894 76.578 49.104 61.312 31.892 25.953 14.558 22.887 70.047 59.916 47.773 46.823 70.650 64.099 61.033 67.735 40.983 17.578
 15.710 81.220 77.787 84.987 21.003 37.603 86.140 57.820 55.963 79.920 21.833 23.270 65.760 52.667 26.627  7.151 81.137 75.410 76.277 89.097 15.710 81.220 77.787 84.987 21.003 37.603 86.140 57.820 55.963 79.920 21.833 23.270 65.760 52.667 26.627  7.151 81.137 75.410 76.277 89.097
 90.730 99.380 78.630 65.210 38.360  5.420  2.410 93.400 63.700 85.220  5.680 73.460 36.450 51.900 35.670 33.650 41.270 83.010 46.980  9.130 90.730 99.380 78.630 65.210 38.360  5.420  2.410 93.400 63.700 85.220  5.680 73.460 36.450 51.900 35.670 33.650 41.270 83.010 46.980  9.130
 80.460 80.960 30.320 25.960 96.960  1.890 36.050 45.500 91.490  8.090 18.390 82.220  7.480 60.540 10.950  9.360 65.960 13.360  2.760 29.670 80.460 80.960 30.320 25.960 96.960  1.890 36.050 45.500 91.490  8.090 18.390 82.220  7.480 60.540 10.950  9.360 65.960 13.360  2.760 29.670
 17.830 44.276 12.071 91.163 72.740 90.370 63.016 57.619 44.759 36.474 13.723 29.673 86.284 70.495 42.867 60.574 30.394 65.579 86.505 46.468 17.830 44.276 12.071 91.163 72.740 90.370 63.016 57.619 44.759 36.474 13.723 29.673 86.284 70.495 42.867 60.574 30.394 65.579 86.505 46.468
 62.940 11.570 97.800 70.420 35.630  8.760 79.780  1.600 85.640 46.070 31.270 11.270 81.550 97.920 36.860 68.940  0.240 96.110 61.130 85.570 62.940 11.570 97.800 70.420 35.630  8.760 79.780  1.600 85.640 46.070 31.270 11.270 81.550 97.920 36.860 68.940  0.240 96.110 61.130 85.570
 59.870 24.420 45.950 92.560  0.673 32.180 14.100 86.350 27.570 45.400 54.180 24.380 23.780 83.730 19.530 36.940 70.400 74.220 42.710 10.370 59.870 24.420 45.950 92.560  0.673 32.180 14.100 86.350 27.570 45.400 54.180 24.380 23.780 83.730 19.530 36.940 70.400 74.220 42.710 10.370
 43.107 62.648 40.310 39.040 71.493 38.641 49.745 39.352 29.974 58.088 39.298 38.342 74.867 35.265 86.113 35.017 48.582 33.517 34.965 64.965 43.107 62.648 40.310 39.040 71.493 38.641 49.745 39.352 29.974 58.088 39.298 38.342 74.867 35.265 86.113 35.017 48.582 33.517 34.965 64.965
 75.461 56.788 49.784 35.448 34.993 85.355 25.916 70.831 84.893 72.302 74.210 53.705 60.303 40.030 86.286 61.713 82.261 13.178 76.404 44.189 75.461 56.788 49.784 35.448 34.993 85.355 25.916 70.831 84.893 72.302 74.210 53.705 60.303 40.030 86.286 61.713 82.261 13.178 76.404 44.189
 75.010 37.140 42.910 14.440 90.900 22.610  2.030 78.330  3.070  7.780 17.820 77.470 37.840  8.780 84.430 62.970 21.640 59.570 18.970 63.220 75.010 37.140 42.910 14.440 90.900 22.610  2.030 78.330  3.070  7.780 17.820 77.470 37.840  8.780 84.430 62.970 21.640 59.570 18.970 63.220
 32.501 17.024  8.377 13.017 16.429 38.868 17.720 57.907 22.784 78.856 19.910 81.279  9.469 66.039 33.829 66.726 75.276 48.224 51.421 92.028 32.501 17.024  8.377 13.017 16.429 38.868 17.720 57.907 22.784 78.856 19.910 81.279  9.469 66.039 33.829 66.726 75.276 48.224 51.421 92.028
 77.839 43.010 34.025 37.689 36.731 40.503 58.109 39.264 69.170 73.727 66.080 60.354 61.938 28.375 23.309 66.814 49.648 46.105 55.659 24.273 77.839 43.010 34.025 37.689 36.731 40.503 58.109 39.264 69.170 73.727 66.080 60.354 61.938 28.375 23.309 66.814 49.648 46.105 55.659 24.273
 60.880 77.180 77.650 66.290 21.740 83.880 47.820 94.190 16.910 90.980 88.380 11.000 86.780 91.460 69.170 91.840 14.780  3.438 11.090 83.260 60.880 77.180 77.650 66.290 21.740 83.880 47.820 94.190 16.910 90.980 88.380 11.000 86.780 91.460 69.170 91.840 14.780  3.438 11.090 83.260
 48.659 48.215 73.467 59.541 26.718 80.960 87.654 50.681 54.110 80.507 50.582 45.316 89.247 42.436 54.105 40.642 84.926 85.375 50.417 65.122 48.659 48.215 73.467 59.541 26.718 80.960 87.654 50.681 54.110 80.507 50.582 45.316 89.247 42.436 54.105 40.642 84.926 85.375 50.417 65.122
 36.943 70.030 14.123 37.130 47.818 39.155 56.007 67.050 43.510 65.940 56.230 81.360 56.695 51.283 32.307 33.217 40.478 17.032 65.145 28.280 36.943 70.030 14.123 37.130 47.818 39.155 56.007 67.050 43.510 65.940 56.230 81.360 56.695 51.283 32.307 33.217 40.478 17.032 65.145 28.280
 66.174 32.761 10.726 56.378 85.254 66.814 31.297 80.867 12.934 74.294 88.008 37.135 34.613 78.447 88.401 80.896 81.684 81.635 52.842 23.700 66.174 32.761 10.726 56.378 85.254 66.814 31.297 80.867 12.934 74.294 88.008 37.135 34.613 78.447 88.401 80.896 81.684 81.635 52.842 23.700
  3.050 96.910  4.450 89.500 24.180 70.260 79.690 12.610  6.760 79.380 20.430 39.710 71.770 44.250 21.960 10.030 11.610 12.860  4.780 16.470  3.050 96.910  4.450 89.500 24.180 70.260 79.690 12.610  6.760 79.380 20.430 39.710 71.770 44.250 21.960 10.030 11.610 12.860  4.780 16.470
 64.370 89.560  7.010 87.650 19.250  3.450 30.580 90.260 24.410 62.140 48.170 27.460 22.570 16.140 80.480 10.280 86.400 23.690 22.890 56.680 64.370 89.560  7.010 87.650 19.250  3.450 30.580 90.260 24.410 62.140 48.170 27.460 22.570 16.140 80.480 10.280 86.400 23.690 22.890 56.680
 88.535 29.905 43.755 91.350 66.615 63.220 89.345 77.585 71.830 52.295 64.420  6.912  8.392 20.415 21.513 42.760 45.535 81.010 93.740 17.280 88.535 29.905 43.755 91.350 66.615 63.220 89.345 77.585 71.830 52.295 64.420  6.912  8.392 20.415 21.513 42.760 45.535 81.010 93.740 17.280
 66.540 27.480 95.600 89.110 43.630 76.090 62.910 93.550 99.780 85.810 50.240 66.380 92.650 10.150  4.750  7.270 55.550 53.160 33.510 13.820 66.540 27.480 95.600 89.110 43.630 76.090 62.910 93.550 99.780 85.810 50.240 66.380 92.650 10.150  4.750  7.270 55.550 53.160 33.510 13.820
 55.210 43.290 88.890 85.120 15.860 22.300 26.660  3.365 76.610 89.490 37.050  7.329 23.040 75.970 92.040 61.010 51.820 51.070 12.680 34.420 55.210 43.290 88.890 85.120 15.860 22.300 26.660  3.365 76.610 89.490 37.050  7.329 23.040 75.970 92.040 61.010 51.820 51.070 12.680 34.420
 82.560 86.440  2.730 75.210 60.110 71.000 46.010 15.670 24.160 79.520 93.010 94.030 19.260 92.980 33.680 72.240 66.770 35.340 68.960 17.910 82.560 86.440  2.730 75.210 60.110 71.000 46.010 15.670 24.160 79.520 93.010 94.030 19.260 92.980 33.680 72.240 66.770 35.340 68.960 17.910
 92.530  9.461 84.400 39.840 13.610 73.480 76.870 44.070 87.130 34.680 53.300 43.870 34.200 26.030 84.280 97.070 59.230 13.820 97.010 19.860 92.530  9.461 84.400 39.840 13.610 73.480 76.870 44.070 87.130 34.680 53.300 43.870 34.200 26.030 84.280 97.070 59.230 13.820 97.010 19.860
 33.206 27.526 60.774 77.906 19.463 41.083 66.410 62.895 49.110 20.241 83.131 27.786 47.792 20.129 57.189 70.745 74.255 73.285 19.767 24.345 33.206 27.526 60.774 77.906 19.463 41.083 66.410 62.895 49.110 20.241 83.131 27.786 47.792 20.129 57.189 70.745 74.255 73.285 19.767 24.345
 84.920 27.980 64.600  2.010  7.360 52.070 42.740 94.220 49.070 99.140 32.280 25.590 12.070 64.380 84.890 81.510 93.680 79.950 17.710 21.840 84.920 27.980 64.600  2.010  7.360 52.070 42.740 94.220 49.070 99.140 32.280 25.590 12.070 64.380 84.890 81.510 93.680 79.950 17.710 21.840
 11.485 60.367 35.939 51.372 71.711 25.708 28.345 88.455 64.588 80.024 78.594 63.385 62.745 57.947 23.577 23.989 20.791 84.292 24.078 91.841 11.485 60.367 35.939 51.372 71.711 25.708 28.345 88.455 64.588 80.024 78.594 63.385 62.745 57.947 23.577 23.989 20.791 84.292 24.078 91.841
 70.030 53.850 18.430 26.280 96.590 19.480 95.230 70.740 31.950  3.160 90.360 36.430 39.500 92.830 17.960 13.170 43.060 95.720  1.565 94.510 70.030 53.850 18.430 26.280 96.590 19.480 95.230 70.740 31.950  3.160 90.360 36.430 39.500 92.830 17.960 13.170 43.060 95.720  1.565 94.510
 74.760 35.510 28.295 28.045 21.965 87.375 87.555 26.315 43.080 84.515 19.115 35.770 72.045 79.030 16.770 27.290 39.460 77.180 73.870 31.115 74.760 35.510 28.295 28.045 21.965 87.375 87.555 26.315 43.080 84.515 19.115 35.770 72.045 79.030 16.770 27.290 39.460 77.180 73.870 31.115
 39.382 80.952 35.414 12.020 49.886 84.800 36.062 70.308 85.856 75.000 88.602 60.288 54.894 41.412 87.870 83.408 59.476 24.150 65.616 58.908 39.382 80.952 35.414 12.020 49.886 84.800 36.062 70.308 85.856 75.000 88.602 60.288 54.894 41.412 87.870 83.408 59.476 24.150 65.616 58.908
 84.420  7.350 54.590 35.070 61.300 96.930 33.780 72.630 23.200 10.700 84.830 87.600 14.720  5.400 52.510 12.160 12.670 79.470 83.250 32.470 84.420  7.350 54.590 35.070 61.300 96.930 33.780 72.630 23.200 10.700 84.830 87.600 14.720  5.400 52.510 12.160 12.670 79.470 83.250 32.470
 60.830 83.150  6.594 41.660 38.210 36.990 76.720  7.526 96.010  2.564 25.060 37.400 67.650 38.820 21.620  8.819 27.690 75.290 71.410 57.420 60.830 83.150  6.594 41.660 38.210 36.990 76.720  7.526 96.010  2.564 25.060 37.400 67.650 38.820 21.620  8.819 27.690 75.290 71.410 57.420
 61.780 30.590 30.170 40.020 99.520 82.680 15.700 12.190 62.150 98.950  8.180 95.930 34.370 94.830 74.960 22.430 75.180 35.920 12.070  9.460 61.780 30.590 30.170 40.020 99.520 82.680 15.700 12.190 62.150 98.950  8.180 95.930 34.370 94.830 74.960 22.430 75.180 35.920 12.070  9.460
 49.101 64.110 20.196 47.073 29.551 60.040 17.767 65.263 27.099 32.980 25.233 55.423 59.287 43.820 75.410 17.889 52.187 21.107 73.833 10.709 49.101 64.110 20.196 47.073 29.551 60.040 17.767 65.263 27.099 32.980 25.233 55.423 59.287 43.820 75.410 17.889 52.187 21.107 73.833 10.709
 33.812 82.390 44.537 35.287 65.450 43.867 61.473 49.343 29.740 48.743 16.154 71.460 76.640 45.583 39.093 64.930 80.117 41.837 22.614 15.058 33.812 82.390 44.537 35.287 65.450 43.867 61.473 49.343 29.740 48.743 16.154 71.460 76.640 45.583 39.093 64.930 80.117 41.837 22.614 15.058
 72.890 14.880 75.480 20.500 18.760 73.820 67.640  5.320 87.870 90.480 17.550  0.880 21.510 25.720 11.770 83.850 72.360 45.100 48.410 54.930 72.890 14.880 75.480 20.500 18.760 73.820 67.640  5.320 87.870 90.480 17.550  0.880 21.510 25.720 11.770 83.850 72.360 45.100 48.410 54.930
 90.830 58.940 93.485 40.700 41.250 58.640 37.390 40.220 54.765 58.295 45.760 77.870 16.485 33.595 42.395 53.930 77.160 55.465 91.305 18.760 90.830 58.940 93.485 40.700 41.250 58.640 37.390 40.220 54.765 58.295 45.760 77.870 16.485 33.595 42.395 53.930 77.160 55.465 91.305 18.760
 69.880 14.090 91.000 91.400  3.330  2.780 38.770 75.700 11.400 50.710 30.630 65.410 73.140 44.990 17.690 97.760 80.450  7.040  6.510 35.290 69.880 14.090 91.000 91.400  3.330  2.780 38.770 75.700 11.400 50.710 30.630 65.410 73.140 44.990 17.690 97.760 80.450  7.040  6.510 35.290
 37.560 95.940 63.030 10.010 97.320 11.270 37.710 36.050 90.670 97.770 26.180 24.070 75.380 17.180 78.990 78.720 83.480 81.290 17.940 58.400 37.560 95.940 63.030 10.010 97.320 11.270 37.710 36.050 90.670 97.770 26.180 24.070 75.380 17.180 78.990 78.720 83.480 81.290 17.940 58.400
 32.000 12.090 23.820  5.140 20.600 41.510  2.910  1.050 48.550 72.940 99.870 49.630 68.880 62.900 23.170 29.730 37.690 24.400 65.780 91.880 32.000 12.090 23.820  5.140 20.600 41.510  2.910  1.050 48.550 72.940 99.870 49.630 68.880 62.900 23.170 29.730 37.690 24.400 65.780 91.880


>> Numero de elementos de cada cluster y densidad del cluster

      0  0.000 
      0  0.000 
     25  22.439 
      0  0.000 
      2  225.686 
      0  0.000 
      0  0.000 
      0  0.000 
      0  0.000 
      2  25.620 
     27  49.197 
      0  0.000 
      0  0.000 
      0  0.000 
      0  0.000 
      2  103.016 
     45  34.613 
     25  23.630 
      0  0.000 
      3  195.959 
      1  0.000 
      0  0.000 
     25  22.382 
      0  0.000 
     23  31.393 
      0  0.000 
      0  0.000 
     23  22.067 
     25  31.115 
      1  0.000 
      1  0.000 
      4  209.858 
     25  29.676 
      1  0.000 
      3  207.593 
     22  21.365 
     25  23.724 
      1  0.000 
     26  43.223 
      0  0.000 
     25  24.628 
      3  201.859 
      1  0.000 
      4  211.569 
     25  32.449 
     75  127.049 
      1  0.000 
     25  23.899 
      2  209.431 
     25  23.035 
      1  0.000 
      0  0.000 
     25  30.616 
     51  122.719 
      0  0.000 
      5  200.921 
     27  52.022 
      1  0.000 
      0  0.000 
     25  23.711 
     26  40.263 
     50  95.963 
      3  22.353 
      0  0.000 
      0  0.000 
     25  24.497 
      0  0.000 
      1  0.000 
      6  215.428 
     25  22.097 
      0  0.000 
     25  23.469 
     27  46.751 
      1  0.000 
     26  33.977 
      4  174.931 
     25  30.548 
      0  0.000 
      0  0.000 
      2  159.981 
      0  0.000 
      1  0.000 
      0  0.000 
      1  0.000 
     51  101.402 
      0  0.000 
     26  33.123 
      1  0.000 
      2  36.620 
      5  35.395 
      0  0.000 
      1  0.000 
      0  0.000 
      3  237.162 
      3  232.207 
      0  0.000 
      2  242.050 
      0  0.000 
      0  0.000 
      0  0.000 


>> Analisis de enfermedades en los grupos

Enfermedad:  0 - max: 0.95 (grupo 33) - min: 0.04 (grupo 62)
Enfermedad:  1 - max: 0.82 (grupo 46) - min: 0.06 (grupo 31)
Enfermedad:  2 - max: 1.00 (grupo 30) - min: 0.20 (grupo 42)
Enfermedad:  3 - max: 0.69 (grupo 81) - min: 0.00 (grupo  4)
Enfermedad:  4 - max: 1.00 (grupo 20) - min: 0.44 (grupo 81)
Enfermedad:  5 - max: 0.38 (grupo 88) - min: 0.00 (grupo 15)
Enfermedad:  6 - max: 0.84 (grupo 50) - min: 0.12 (grupo 87)
Enfermedad:  7 - max: 0.73 (grupo 42) - min: 0.00 (grupo 50)
Enfermedad:  8 - max: 1.00 (grupo 19) - min: 0.38 (grupo 42)
Enfermedad:  9 - max: 0.66 (grupo 42) - min: 0.00 (grupo 67)
Enfermedad: 10 - max: 1.00 (grupo  9) - min: 0.44 (grupo 29)
Enfermedad: 11 - max: 0.38 (grupo 73) - min: 0.00 (grupo  4)
Enfermedad: 12 - max: 0.93 (grupo 81) - min: 0.03 (grupo  4)
Enfermedad: 13 - max: 0.79 (grupo 67) - min: 0.00 (grupo 42)
Enfermedad: 14 - max: 1.00 (grupo 67) - min: 0.20 (grupo 50)
Enfermedad: 15 - max: 0.63 (grupo 20) - min: 0.00 (grupo 33)
Enfermedad: 16 - max: 1.00 (grupo  4) - min: 0.43 (grupo 50)
Enfermedad: 17 - max: 0.45 (grupo 20) - min: 0.00 (grupo 29)
Enfermedad: 18 - max: 0.93 (grupo 91) - min: 0.09 (grupo 67)
Enfermedad: 19 - max: 0.86 (grupo 33) - min: 0.00 (grupo 37)
